  [1m[35m (0.6ms)[0m  [1m[35mCREATE DATABASE "airbnb_development" ENCODING = 'unicode'[0m
  ↳ bin/rails:9
  [1m[35m (0.6ms)[0m  [1m[35mCREATE DATABASE "airbnb_test" ENCODING = 'unicode'[0m
  ↳ bin/rails:9
  [1m[35m (0.1ms)[0m  [1m[34mSELECT pg_try_advisory_lock(136846772350273440)[0m
  ↳ bin/rails:9
  [1m[35m (0.5ms)[0m  [1m[34mSELECT "schema_migrations"."version" FROM "schema_migrations" ORDER BY "schema_migrations"."version" ASC[0m
  ↳ bin/rails:9
Migrating to CreateUsers (20180607173851)
  [1m[35m (0.1ms)[0m  [1m[35mBEGIN[0m
  ↳ bin/rails:9
  [1m[35m (64.9ms)[0m  [1m[35mCREATE TABLE "users" ("id" bigserial primary key, "created_at" timestamp NOT NULL, "updated_at" timestamp NOT NULL, "email" character varying NOT NULL, "encrypted_password" character varying(128) NOT NULL, "confirmation_token" character varying(128), "remember_token" character varying(128) NOT NULL)[0m
  ↳ db/migrate/20180607173851_create_users.rb:3
  [1m[35m (2.5ms)[0m  [1m[35mCREATE  INDEX  "index_users_on_email" ON "users"  ("email")[0m
  ↳ db/migrate/20180607173851_create_users.rb:11
  [1m[35m (2.5ms)[0m  [1m[35mCREATE  INDEX  "index_users_on_remember_token" ON "users"  ("remember_token")[0m
  ↳ db/migrate/20180607173851_create_users.rb:12
  [1m[36mActiveRecord::SchemaMigration Create (0.4ms)[0m  [1m[32mINSERT INTO "schema_migrations" ("version") VALUES ($1) RETURNING "version"[0m  [["version", "20180607173851"]]
  ↳ bin/rails:9
  [1m[35m (9.5ms)[0m  [1m[35mCOMMIT[0m
  ↳ bin/rails:9
  [1m[36mActiveRecord::InternalMetadata Load (0.9ms)[0m  [1m[34mSELECT  "ar_internal_metadata".* FROM "ar_internal_metadata" WHERE "ar_internal_metadata"."key" = $1 LIMIT $2[0m  [["key", "environment"], ["LIMIT", 1]]
  ↳ bin/rails:9
  [1m[35m (0.2ms)[0m  [1m[35mBEGIN[0m
  ↳ bin/rails:9
  [1m[36mActiveRecord::InternalMetadata Create (0.4ms)[0m  [1m[32mINSERT INTO "ar_internal_metadata" ("key", "value", "created_at", "updated_at") VALUES ($1, $2, $3, $4) RETURNING "key"[0m  [["key", "environment"], ["value", "development"], ["created_at", "2018-06-07 17:38:58.833866"], ["updated_at", "2018-06-07 17:38:58.833866"]]
  ↳ bin/rails:9
  [1m[35m (4.4ms)[0m  [1m[35mCOMMIT[0m
  ↳ bin/rails:9
  [1m[35m (0.2ms)[0m  [1m[34mSELECT pg_advisory_unlock(136846772350273440)[0m
  ↳ bin/rails:9
  [1m[35m (0.2ms)[0m  [1m[34mSELECT "schema_migrations"."version" FROM "schema_migrations" ORDER BY "schema_migrations"."version" ASC[0m
  ↳ bin/rails:9
Started GET "/" for 127.0.0.1 at 2018-06-08 01:45:21 +0800
  [1m[35m (0.5ms)[0m  [1m[34mSELECT "schema_migrations"."version" FROM "schema_migrations" ORDER BY "schema_migrations"."version" ASC[0m
  ↳ /home/hikari/.rvm/gems/ruby-2.5.1/gems/activerecord-5.2.0/lib/active_record/log_subscriber.rb:98
  
LoadError (Unable to autoload constant FrontController, expected /home/hikari/Desktop/airbnb-clone/app/controllers/front_controller.rb to define it):
  
activesupport (5.2.0) lib/active_support/dependencies.rb:503:in `load_missing_constant'
bootsnap (1.3.0) lib/bootsnap/load_path_cache/core_ext/active_support.rb:43:in `load_missing_constant'
activesupport (5.2.0) lib/active_support/dependencies.rb:193:in `const_missing'
activesupport (5.2.0) lib/active_support/inflector/methods.rb:283:in `const_get'
activesupport (5.2.0) lib/active_support/inflector/methods.rb:283:in `block in constantize'
activesupport (5.2.0) lib/active_support/inflector/methods.rb:281:in `each'
activesupport (5.2.0) lib/active_support/inflector/methods.rb:281:in `inject'
activesupport (5.2.0) lib/active_support/inflector/methods.rb:281:in `constantize'
activesupport (5.2.0) lib/active_support/dependencies.rb:574:in `get'
activesupport (5.2.0) lib/active_support/dependencies.rb:605:in `constantize'
actionpack (5.2.0) lib/action_dispatch/http/request.rb:88:in `controller_class_for'
actionpack (5.2.0) lib/action_dispatch/http/parameters.rb:101:in `binary_params_for?'
actionpack (5.2.0) lib/action_dispatch/http/parameters.rb:92:in `set_binary_encoding'
actionpack (5.2.0) lib/action_dispatch/http/parameters.rb:69:in `path_parameters='
actionpack (5.2.0) lib/action_dispatch/journey/router.rb:50:in `block in serve'
actionpack (5.2.0) lib/action_dispatch/journey/router.rb:35:in `each'
actionpack (5.2.0) lib/action_dispatch/journey/router.rb:35:in `serve'
actionpack (5.2.0) lib/action_dispatch/routing/route_set.rb:840:in `call'
clearance (1.16.1) lib/clearance/rack_session.rb:23:in `call'
rack (2.0.5) lib/rack/tempfile_reaper.rb:15:in `call'
rack (2.0.5) lib/rack/etag.rb:25:in `call'
rack (2.0.5) lib/rack/conditional_get.rb:25:in `call'
rack (2.0.5) lib/rack/head.rb:12:in `call'
actionpack (5.2.0) lib/action_dispatch/http/content_security_policy.rb:18:in `call'
rack (2.0.5) lib/rack/session/abstract/id.rb:232:in `context'
rack (2.0.5) lib/rack/session/abstract/id.rb:226:in `call'
actionpack (5.2.0) lib/action_dispatch/middleware/cookies.rb:670:in `call'
activerecord (5.2.0) lib/active_record/migration.rb:559:in `call'
actionpack (5.2.0) lib/action_dispatch/middleware/callbacks.rb:28:in `block in call'
activesupport (5.2.0) lib/active_support/callbacks.rb:98:in `run_callbacks'
actionpack (5.2.0) lib/action_dispatch/middleware/callbacks.rb:26:in `call'
actionpack (5.2.0) lib/action_dispatch/middleware/executor.rb:14:in `call'
actionpack (5.2.0) lib/action_dispatch/middleware/debug_exceptions.rb:61:in `call'
web-console (3.6.2) lib/web_console/middleware.rb:135:in `call_app'
web-console (3.6.2) lib/web_console/middleware.rb:30:in `block in call'
web-console (3.6.2) lib/web_console/middleware.rb:20:in `catch'
web-console (3.6.2) lib/web_console/middleware.rb:20:in `call'
actionpack (5.2.0) lib/action_dispatch/middleware/show_exceptions.rb:33:in `call'
railties (5.2.0) lib/rails/rack/logger.rb:38:in `call_app'
railties (5.2.0) lib/rails/rack/logger.rb:26:in `block in call'
activesupport (5.2.0) lib/active_support/tagged_logging.rb:71:in `block in tagged'
activesupport (5.2.0) lib/active_support/tagged_logging.rb:28:in `tagged'
activesupport (5.2.0) lib/active_support/tagged_logging.rb:71:in `tagged'
railties (5.2.0) lib/rails/rack/logger.rb:26:in `call'
sprockets-rails (3.2.1) lib/sprockets/rails/quiet_assets.rb:13:in `call'
actionpack (5.2.0) lib/action_dispatch/middleware/remote_ip.rb:81:in `call'
actionpack (5.2.0) lib/action_dispatch/middleware/request_id.rb:27:in `call'
rack (2.0.5) lib/rack/method_override.rb:22:in `call'
rack (2.0.5) lib/rack/runtime.rb:22:in `call'
activesupport (5.2.0) lib/active_support/cache/strategy/local_cache_middleware.rb:29:in `call'
actionpack (5.2.0) lib/action_dispatch/middleware/executor.rb:14:in `call'
actionpack (5.2.0) lib/action_dispatch/middleware/static.rb:127:in `call'
rack (2.0.5) lib/rack/sendfile.rb:111:in `call'
railties (5.2.0) lib/rails/engine.rb:524:in `call'
puma (3.11.4) lib/puma/configuration.rb:225:in `call'
puma (3.11.4) lib/puma/server.rb:632:in `handle_request'
puma (3.11.4) lib/puma/server.rb:446:in `process_client'
puma (3.11.4) lib/puma/server.rb:306:in `block in run'
puma (3.11.4) lib/puma/thread_pool.rb:120:in `block in spawn_thread'
Started GET "/" for 127.0.0.1 at 2018-06-08 01:45:24 +0800
  
LoadError (Unable to autoload constant FrontController, expected /home/hikari/Desktop/airbnb-clone/app/controllers/front_controller.rb to define it):
  
activesupport (5.2.0) lib/active_support/dependencies.rb:503:in `load_missing_constant'
bootsnap (1.3.0) lib/bootsnap/load_path_cache/core_ext/active_support.rb:43:in `load_missing_constant'
activesupport (5.2.0) lib/active_support/dependencies.rb:193:in `const_missing'
activesupport (5.2.0) lib/active_support/inflector/methods.rb:283:in `const_get'
activesupport (5.2.0) lib/active_support/inflector/methods.rb:283:in `block in constantize'
activesupport (5.2.0) lib/active_support/inflector/methods.rb:281:in `each'
activesupport (5.2.0) lib/active_support/inflector/methods.rb:281:in `inject'
activesupport (5.2.0) lib/active_support/inflector/methods.rb:281:in `constantize'
activesupport (5.2.0) lib/active_support/dependencies.rb:574:in `get'
activesupport (5.2.0) lib/active_support/dependencies.rb:605:in `constantize'
actionpack (5.2.0) lib/action_dispatch/http/request.rb:88:in `controller_class_for'
actionpack (5.2.0) lib/action_dispatch/http/parameters.rb:101:in `binary_params_for?'
actionpack (5.2.0) lib/action_dispatch/http/parameters.rb:92:in `set_binary_encoding'
actionpack (5.2.0) lib/action_dispatch/http/parameters.rb:69:in `path_parameters='
actionpack (5.2.0) lib/action_dispatch/journey/router.rb:50:in `block in serve'
actionpack (5.2.0) lib/action_dispatch/journey/router.rb:35:in `each'
actionpack (5.2.0) lib/action_dispatch/journey/router.rb:35:in `serve'
actionpack (5.2.0) lib/action_dispatch/routing/route_set.rb:840:in `call'
clearance (1.16.1) lib/clearance/rack_session.rb:23:in `call'
rack (2.0.5) lib/rack/tempfile_reaper.rb:15:in `call'
rack (2.0.5) lib/rack/etag.rb:25:in `call'
rack (2.0.5) lib/rack/conditional_get.rb:25:in `call'
rack (2.0.5) lib/rack/head.rb:12:in `call'
actionpack (5.2.0) lib/action_dispatch/http/content_security_policy.rb:18:in `call'
rack (2.0.5) lib/rack/session/abstract/id.rb:232:in `context'
rack (2.0.5) lib/rack/session/abstract/id.rb:226:in `call'
actionpack (5.2.0) lib/action_dispatch/middleware/cookies.rb:670:in `call'
activerecord (5.2.0) lib/active_record/migration.rb:559:in `call'
actionpack (5.2.0) lib/action_dispatch/middleware/callbacks.rb:28:in `block in call'
activesupport (5.2.0) lib/active_support/callbacks.rb:98:in `run_callbacks'
actionpack (5.2.0) lib/action_dispatch/middleware/callbacks.rb:26:in `call'
actionpack (5.2.0) lib/action_dispatch/middleware/executor.rb:14:in `call'
actionpack (5.2.0) lib/action_dispatch/middleware/debug_exceptions.rb:61:in `call'
web-console (3.6.2) lib/web_console/middleware.rb:135:in `call_app'
web-console (3.6.2) lib/web_console/middleware.rb:30:in `block in call'
web-console (3.6.2) lib/web_console/middleware.rb:20:in `catch'
web-console (3.6.2) lib/web_console/middleware.rb:20:in `call'
actionpack (5.2.0) lib/action_dispatch/middleware/show_exceptions.rb:33:in `call'
railties (5.2.0) lib/rails/rack/logger.rb:38:in `call_app'
railties (5.2.0) lib/rails/rack/logger.rb:26:in `block in call'
activesupport (5.2.0) lib/active_support/tagged_logging.rb:71:in `block in tagged'
activesupport (5.2.0) lib/active_support/tagged_logging.rb:28:in `tagged'
activesupport (5.2.0) lib/active_support/tagged_logging.rb:71:in `tagged'
railties (5.2.0) lib/rails/rack/logger.rb:26:in `call'
sprockets-rails (3.2.1) lib/sprockets/rails/quiet_assets.rb:13:in `call'
actionpack (5.2.0) lib/action_dispatch/middleware/remote_ip.rb:81:in `call'
actionpack (5.2.0) lib/action_dispatch/middleware/request_id.rb:27:in `call'
rack (2.0.5) lib/rack/method_override.rb:22:in `call'
rack (2.0.5) lib/rack/runtime.rb:22:in `call'
activesupport (5.2.0) lib/active_support/cache/strategy/local_cache_middleware.rb:29:in `call'
actionpack (5.2.0) lib/action_dispatch/middleware/executor.rb:14:in `call'
actionpack (5.2.0) lib/action_dispatch/middleware/static.rb:127:in `call'
rack (2.0.5) lib/rack/sendfile.rb:111:in `call'
railties (5.2.0) lib/rails/engine.rb:524:in `call'
puma (3.11.4) lib/puma/configuration.rb:225:in `call'
puma (3.11.4) lib/puma/server.rb:632:in `handle_request'
puma (3.11.4) lib/puma/server.rb:446:in `process_client'
puma (3.11.4) lib/puma/server.rb:306:in `block in run'
puma (3.11.4) lib/puma/thread_pool.rb:120:in `block in spawn_thread'
Started GET "/" for 127.0.0.1 at 2018-06-08 01:46:49 +0800
  [1m[35m (0.5ms)[0m  [1m[34mSELECT "schema_migrations"."version" FROM "schema_migrations" ORDER BY "schema_migrations"."version" ASC[0m
  ↳ /home/hikari/.rvm/gems/ruby-2.5.1/gems/activerecord-5.2.0/lib/active_record/log_subscriber.rb:98
Processing by FrontController#index as HTML
  Rendering front/index.html.erb within layouts/application
  [1m[36mUser Load (0.8ms)[0m  [1m[34mSELECT  "users".* FROM "users" WHERE "users"."remember_token" = $1 ORDER BY "users"."id" ASC LIMIT $2[0m  [["remember_token", "d5a231ea6fe2b78446311be1851891a187e11221"], ["LIMIT", 1]]
  ↳ app/views/front/index.html.erb:1
  Rendered front/index.html.erb within layouts/application (8.0ms)
  [1m[36mCACHE User Load (0.0ms)[0m  [1m[34mSELECT  "users".* FROM "users" WHERE "users"."remember_token" = $1 ORDER BY "users"."id" ASC LIMIT $2[0m  [["remember_token", "d5a231ea6fe2b78446311be1851891a187e11221"], ["LIMIT", 1]]
  ↳ app/views/layouts/application.html.erb:9
Completed 200 OK in 413ms (Views: 400.6ms | ActiveRecord: 4.4ms)


Started GET "/sign_in" for 127.0.0.1 at 2018-06-08 01:46:51 +0800
Processing by Clearance::SessionsController#new as HTML
  [1m[36mUser Load (1.1ms)[0m  [1m[34mSELECT  "users".* FROM "users" WHERE "users"."remember_token" = $1 ORDER BY "users"."id" ASC LIMIT $2[0m  [["remember_token", "d5a231ea6fe2b78446311be1851891a187e11221"], ["LIMIT", 1]]
  ↳ /home/hikari/.rvm/gems/ruby-2.5.1/gems/activerecord-5.2.0/lib/active_record/log_subscriber.rb:98
  Rendering sessions/new.html.erb within layouts/application
  Rendered sessions/_form.html.erb (28.1ms)
  Rendered sessions/new.html.erb within layouts/application (29.4ms)
  [1m[36mCACHE User Load (0.0ms)[0m  [1m[34mSELECT  "users".* FROM "users" WHERE "users"."remember_token" = $1 ORDER BY "users"."id" ASC LIMIT $2[0m  [["remember_token", "d5a231ea6fe2b78446311be1851891a187e11221"], ["LIMIT", 1]]
  ↳ app/views/layouts/application.html.erb:9
Completed 200 OK in 63ms (Views: 54.9ms | ActiveRecord: 1.1ms)


Started GET "/sign_up" for 127.0.0.1 at 2018-06-08 01:46:54 +0800
Processing by Clearance::UsersController#new as HTML
  [1m[36mUser Load (1.4ms)[0m  [1m[34mSELECT  "users".* FROM "users" WHERE "users"."remember_token" = $1 ORDER BY "users"."id" ASC LIMIT $2[0m  [["remember_token", "d5a231ea6fe2b78446311be1851891a187e11221"], ["LIMIT", 1]]
  ↳ /home/hikari/.rvm/gems/ruby-2.5.1/gems/activerecord-5.2.0/lib/active_record/log_subscriber.rb:98
  Rendering users/new.html.erb within layouts/application
  Rendered users/_form.html.erb (1.2ms)
  Rendered users/new.html.erb within layouts/application (3.5ms)
  [1m[36mCACHE User Load (0.0ms)[0m  [1m[34mSELECT  "users".* FROM "users" WHERE "users"."remember_token" = $1 ORDER BY "users"."id" ASC LIMIT $2[0m  [["remember_token", "d5a231ea6fe2b78446311be1851891a187e11221"], ["LIMIT", 1]]
  ↳ app/views/layouts/application.html.erb:9
Completed 200 OK in 36ms (Views: 22.7ms | ActiveRecord: 2.4ms)


Started POST "/users" for 127.0.0.1 at 2018-06-08 01:47:01 +0800
Processing by Clearance::UsersController#create as HTML
  Parameters: {"utf8"=>"✓", "authenticity_token"=>"[FILTERED]", "user"=>{"email"=>"yeeweehann@hotmail.com", "password"=>"[FILTERED]"}, "commit"=>"Sign up"}
  [1m[36mUser Load (0.5ms)[0m  [1m[34mSELECT  "users".* FROM "users" WHERE "users"."remember_token" = $1 ORDER BY "users"."id" ASC LIMIT $2[0m  [["remember_token", "d5a231ea6fe2b78446311be1851891a187e11221"], ["LIMIT", 1]]
  ↳ /home/hikari/.rvm/gems/ruby-2.5.1/gems/activerecord-5.2.0/lib/active_record/log_subscriber.rb:98
  [1m[35m (0.2ms)[0m  [1m[35mBEGIN[0m
  ↳ /home/hikari/.rvm/gems/ruby-2.5.1/gems/activerecord-5.2.0/lib/active_record/log_subscriber.rb:98
  [1m[36mUser Exists (0.4ms)[0m  [1m[34mSELECT  1 AS one FROM "users" WHERE "users"."email" = $1 LIMIT $2[0m  [["email", "yeeweehann@hotmail.com"], ["LIMIT", 1]]
  ↳ /home/hikari/.rvm/gems/ruby-2.5.1/gems/activerecord-5.2.0/lib/active_record/log_subscriber.rb:98
  [1m[36mUser Create (0.9ms)[0m  [1m[32mINSERT INTO "users" ("created_at", "updated_at", "email", "encrypted_password", "remember_token") VALUES ($1, $2, $3, $4, $5) RETURNING "id"[0m  [["created_at", "2018-06-07 17:47:01.812025"], ["updated_at", "2018-06-07 17:47:01.812025"], ["email", "yeeweehann@hotmail.com"], ["encrypted_password", "$2a$10$ke3gqhw0T1r6p5TGiZbVx.mFWP6Mey5Rtwo0.wt7FZ0EbkjSZqRTu"], ["remember_token", "17e7d42b1b89265a7a229342a41e099148731062"]]
  ↳ /home/hikari/.rvm/gems/ruby-2.5.1/gems/activerecord-5.2.0/lib/active_record/log_subscriber.rb:98
  [1m[35m (9.7ms)[0m  [1m[35mCOMMIT[0m
  ↳ /home/hikari/.rvm/gems/ruby-2.5.1/gems/activerecord-5.2.0/lib/active_record/log_subscriber.rb:98
Redirected to http://localhost:3000/
Completed 302 Found in 77ms (ActiveRecord: 11.6ms)


Started GET "/" for 127.0.0.1 at 2018-06-08 01:47:01 +0800
Processing by FrontController#index as HTML
  Rendering front/index.html.erb within layouts/application
  [1m[36mUser Load (0.4ms)[0m  [1m[34mSELECT  "users".* FROM "users" WHERE "users"."remember_token" = $1 ORDER BY "users"."id" ASC LIMIT $2[0m  [["remember_token", "17e7d42b1b89265a7a229342a41e099148731062"], ["LIMIT", 1]]
  ↳ app/views/front/index.html.erb:1
  Rendered front/index.html.erb within layouts/application (5.5ms)
Completed 200 OK in 26ms (Views: 24.3ms | ActiveRecord: 0.4ms)


Started DELETE "/sign_out" for 127.0.0.1 at 2018-06-08 01:47:03 +0800
Processing by Clearance::SessionsController#destroy as HTML
  Parameters: {"authenticity_token"=>"[FILTERED]"}
  [1m[36mUser Load (0.4ms)[0m  [1m[34mSELECT  "users".* FROM "users" WHERE "users"."remember_token" = $1 ORDER BY "users"."id" ASC LIMIT $2[0m  [["remember_token", "17e7d42b1b89265a7a229342a41e099148731062"], ["LIMIT", 1]]
  ↳ /home/hikari/.rvm/gems/ruby-2.5.1/gems/activerecord-5.2.0/lib/active_record/log_subscriber.rb:98
  [1m[35m (0.4ms)[0m  [1m[35mBEGIN[0m
  ↳ /home/hikari/.rvm/gems/ruby-2.5.1/gems/activerecord-5.2.0/lib/active_record/log_subscriber.rb:98
  [1m[36mUser Update (1.2ms)[0m  [1m[33mUPDATE "users" SET "remember_token" = $1, "updated_at" = $2 WHERE "users"."id" = $3[0m  [["remember_token", "1868c36c1c67a18c5813b364b305167fa8976331"], ["updated_at", "2018-06-07 17:47:03.484516"], ["id", 1]]
  ↳ /home/hikari/.rvm/gems/ruby-2.5.1/gems/activerecord-5.2.0/lib/active_record/log_subscriber.rb:98
  [1m[35m (3.9ms)[0m  [1m[35mCOMMIT[0m
  ↳ /home/hikari/.rvm/gems/ruby-2.5.1/gems/activerecord-5.2.0/lib/active_record/log_subscriber.rb:98
Redirected to http://localhost:3000/sign_in
Completed 302 Found in 10ms (ActiveRecord: 5.9ms)


Started GET "/sign_in" for 127.0.0.1 at 2018-06-08 01:47:03 +0800
Processing by Clearance::SessionsController#new as HTML
  Rendering sessions/new.html.erb within layouts/application
  Rendered sessions/_form.html.erb (3.4ms)
  Rendered sessions/new.html.erb within layouts/application (8.1ms)
Completed 200 OK in 29ms (Views: 28.2ms | ActiveRecord: 0.0ms)


Started POST "/session" for 127.0.0.1 at 2018-06-08 01:47:14 +0800
Processing by Clearance::SessionsController#create as HTML
  Parameters: {"utf8"=>"✓", "authenticity_token"=>"[FILTERED]", "session"=>{"email"=>"yeeweehann@hotmail.com", "password"=>"[FILTERED]"}, "commit"=>"Sign in"}
  [1m[36mUser Load (0.2ms)[0m  [1m[34mSELECT  "users".* FROM "users" WHERE "users"."email" = $1 LIMIT $2[0m  [["email", "yeeweehann@hotmail.com"], ["LIMIT", 1]]
  ↳ /home/hikari/.rvm/gems/ruby-2.5.1/gems/activerecord-5.2.0/lib/active_record/log_subscriber.rb:98
Redirected to http://localhost:3000/
Completed 302 Found in 62ms (ActiveRecord: 0.4ms)


Started GET "/" for 127.0.0.1 at 2018-06-08 01:47:15 +0800
Processing by FrontController#index as HTML
  Rendering front/index.html.erb within layouts/application
  [1m[36mUser Load (0.9ms)[0m  [1m[34mSELECT  "users".* FROM "users" WHERE "users"."remember_token" = $1 ORDER BY "users"."id" ASC LIMIT $2[0m  [["remember_token", "1868c36c1c67a18c5813b364b305167fa8976331"], ["LIMIT", 1]]
  ↳ app/views/front/index.html.erb:1
  Rendered front/index.html.erb within layouts/application (2.3ms)
Completed 200 OK in 20ms (Views: 17.9ms | ActiveRecord: 0.9ms)


Started DELETE "/sign_out" for 127.0.0.1 at 2018-06-08 01:47:16 +0800
Processing by Clearance::SessionsController#destroy as HTML
  Parameters: {"authenticity_token"=>"[FILTERED]"}
  [1m[36mUser Load (0.4ms)[0m  [1m[34mSELECT  "users".* FROM "users" WHERE "users"."remember_token" = $1 ORDER BY "users"."id" ASC LIMIT $2[0m  [["remember_token", "1868c36c1c67a18c5813b364b305167fa8976331"], ["LIMIT", 1]]
  ↳ /home/hikari/.rvm/gems/ruby-2.5.1/gems/activerecord-5.2.0/lib/active_record/log_subscriber.rb:98
  [1m[35m (0.1ms)[0m  [1m[35mBEGIN[0m
  ↳ /home/hikari/.rvm/gems/ruby-2.5.1/gems/activerecord-5.2.0/lib/active_record/log_subscriber.rb:98
  [1m[36mUser Update (0.8ms)[0m  [1m[33mUPDATE "users" SET "remember_token" = $1, "updated_at" = $2 WHERE "users"."id" = $3[0m  [["remember_token", "a488f30b67d509ed60ec4defe3b10391ba7e8780"], ["updated_at", "2018-06-07 17:47:16.757880"], ["id", 1]]
  ↳ /home/hikari/.rvm/gems/ruby-2.5.1/gems/activerecord-5.2.0/lib/active_record/log_subscriber.rb:98
  [1m[35m (8.4ms)[0m  [1m[35mCOMMIT[0m
  ↳ /home/hikari/.rvm/gems/ruby-2.5.1/gems/activerecord-5.2.0/lib/active_record/log_subscriber.rb:98
Redirected to http://localhost:3000/sign_in
Completed 302 Found in 14ms (ActiveRecord: 9.8ms)


Started GET "/sign_in" for 127.0.0.1 at 2018-06-08 01:47:16 +0800
Processing by Clearance::SessionsController#new as HTML
  Rendering sessions/new.html.erb within layouts/application
  Rendered sessions/_form.html.erb (1.6ms)
  Rendered sessions/new.html.erb within layouts/application (3.6ms)
Completed 200 OK in 21ms (Views: 21.0ms | ActiveRecord: 0.0ms)


Started GET "/passwords/new" for 127.0.0.1 at 2018-06-08 01:47:18 +0800
Processing by Clearance::PasswordsController#new as HTML
  Rendering passwords/new.html.erb within layouts/application
  Rendered passwords/new.html.erb within layouts/application (1.7ms)
Completed 200 OK in 21ms (Views: 20.2ms | ActiveRecord: 0.0ms)


  [1m[35m (0.3ms)[0m  [1m[34mSELECT pg_try_advisory_lock(136846772350273440)[0m
  ↳ bin/rails:9
  [1m[35m (2.4ms)[0m  [1m[34mSELECT "schema_migrations"."version" FROM "schema_migrations" ORDER BY "schema_migrations"."version" ASC[0m
  ↳ bin/rails:9
Migrating to CreateAuthentications (20180608041545)
  [1m[35m (0.1ms)[0m  [1m[35mBEGIN[0m
  ↳ bin/rails:9
  [1m[35m (53.2ms)[0m  [1m[35mCREATE TABLE "authentications" ("id" bigserial primary key, "uid" character varying, "token" character varying, "provider" character varying, "user_id" bigint, "created_at" timestamp NOT NULL, "updated_at" timestamp NOT NULL, CONSTRAINT "fk_rails_08833fecbe"
FOREIGN KEY ("user_id")
  REFERENCES "users" ("id")
)[0m
  ↳ db/migrate/20180608041545_create_authentications.rb:3
  [1m[35m (4.7ms)[0m  [1m[35mCREATE  INDEX  "index_authentications_on_user_id" ON "authentications"  ("user_id")[0m
  ↳ db/migrate/20180608041545_create_authentications.rb:3
  [1m[36mActiveRecord::SchemaMigration Create (0.3ms)[0m  [1m[32mINSERT INTO "schema_migrations" ("version") VALUES ($1) RETURNING "version"[0m  [["version", "20180608041545"]]
  ↳ bin/rails:9
  [1m[35m (5.3ms)[0m  [1m[35mCOMMIT[0m
  ↳ bin/rails:9
  [1m[36mActiveRecord::InternalMetadata Load (1.4ms)[0m  [1m[34mSELECT  "ar_internal_metadata".* FROM "ar_internal_metadata" WHERE "ar_internal_metadata"."key" = $1 LIMIT $2[0m  [["key", "environment"], ["LIMIT", 1]]
  ↳ bin/rails:9
  [1m[35m (0.2ms)[0m  [1m[35mBEGIN[0m
  ↳ bin/rails:9
  [1m[35m (0.2ms)[0m  [1m[35mCOMMIT[0m
  ↳ bin/rails:9
  [1m[35m (0.2ms)[0m  [1m[34mSELECT pg_advisory_unlock(136846772350273440)[0m
  ↳ bin/rails:9
  [1m[35m (0.3ms)[0m  [1m[34mSELECT "schema_migrations"."version" FROM "schema_migrations" ORDER BY "schema_migrations"."version" ASC[0m
  ↳ bin/rails:9
Started GET "/" for 127.0.0.1 at 2018-06-08 12:41:35 +0800
  [1m[35m (0.5ms)[0m  [1m[34mSELECT "schema_migrations"."version" FROM "schema_migrations" ORDER BY "schema_migrations"."version" ASC[0m
  ↳ /home/hikari/.rvm/gems/ruby-2.5.1/gems/activerecord-5.2.0/lib/active_record/log_subscriber.rb:98
Processing by FrontController#index as HTML
  Rendering front/index.html.erb within layouts/application
  Rendered front/index.html.erb within layouts/application (1.1ms)
Completed 200 OK in 1750ms (Views: 1740.9ms | ActiveRecord: 0.0ms)


Started GET "/sign_in" for 127.0.0.1 at 2018-06-08 12:41:40 +0800
Processing by Clearance::SessionsController#new as HTML
  Rendering sessions/new.html.erb within layouts/application
  Rendered sessions/_form.html.erb (10.6ms)
  Rendered sessions/new.html.erb within layouts/application (12.6ms)
Completed 200 OK in 102ms (Views: 101.0ms | ActiveRecord: 0.0ms)


Started GET "/auth/google_oauth2" for 127.0.0.1 at 2018-06-08 12:41:42 +0800
Started GET "/auth/google_oauth2" for 127.0.0.1 at 2018-06-08 12:41:43 +0800
Started GET "/auth/google_oauth2/callback?state=5d35e8584bc37a59042f7d39923f517b1fbdd663186c63eb&code=4/AADWfxCpp0P6mnS-BYoMgHPQ3YcDkIj0xKmiQx-p5Ko2By3PZcM38YioHRQ3GT-O2zIl4DU0YLanpmYC-PzCC-w" for 127.0.0.1 at 2018-06-08 12:41:59 +0800
  
OAuth2::Error (invalid_client: Unauthorized
{
  "error" : "invalid_client",
  "error_description" : "Unauthorized"
}):
  
oauth2 (1.4.0) lib/oauth2/client.rb:119:in `request'
oauth2 (1.4.0) lib/oauth2/client.rb:146:in `get_token'
oauth2 (1.4.0) lib/oauth2/strategy/auth_code.rb:30:in `get_token'
omniauth-google-oauth2 (0.5.3) lib/omniauth/strategies/google_oauth2.rb:120:in `get_access_token'
omniauth-google-oauth2 (0.5.3) lib/omniauth/strategies/google_oauth2.rb:94:in `custom_build_access_token'
omniauth-oauth2 (1.5.0) lib/omniauth/strategies/oauth2.rb:73:in `callback_phase'
omniauth (1.8.1) lib/omniauth/strategy.rb:236:in `callback_call'
omniauth (1.8.1) lib/omniauth/strategy.rb:188:in `call!'
omniauth (1.8.1) lib/omniauth/strategy.rb:168:in `call'
omniauth (1.8.1) lib/omniauth/builder.rb:63:in `call'
clearance (1.16.1) lib/clearance/rack_session.rb:23:in `call'
rack (2.0.5) lib/rack/tempfile_reaper.rb:15:in `call'
rack (2.0.5) lib/rack/etag.rb:25:in `call'
rack (2.0.5) lib/rack/conditional_get.rb:25:in `call'
rack (2.0.5) lib/rack/head.rb:12:in `call'
actionpack (5.2.0) lib/action_dispatch/http/content_security_policy.rb:18:in `call'
rack (2.0.5) lib/rack/session/abstract/id.rb:232:in `context'
rack (2.0.5) lib/rack/session/abstract/id.rb:226:in `call'
actionpack (5.2.0) lib/action_dispatch/middleware/cookies.rb:670:in `call'
activerecord (5.2.0) lib/active_record/migration.rb:559:in `call'
actionpack (5.2.0) lib/action_dispatch/middleware/callbacks.rb:28:in `block in call'
activesupport (5.2.0) lib/active_support/callbacks.rb:98:in `run_callbacks'
actionpack (5.2.0) lib/action_dispatch/middleware/callbacks.rb:26:in `call'
actionpack (5.2.0) lib/action_dispatch/middleware/executor.rb:14:in `call'
actionpack (5.2.0) lib/action_dispatch/middleware/debug_exceptions.rb:61:in `call'
web-console (3.6.2) lib/web_console/middleware.rb:135:in `call_app'
web-console (3.6.2) lib/web_console/middleware.rb:30:in `block in call'
web-console (3.6.2) lib/web_console/middleware.rb:20:in `catch'
web-console (3.6.2) lib/web_console/middleware.rb:20:in `call'
actionpack (5.2.0) lib/action_dispatch/middleware/show_exceptions.rb:33:in `call'
railties (5.2.0) lib/rails/rack/logger.rb:38:in `call_app'
railties (5.2.0) lib/rails/rack/logger.rb:26:in `block in call'
activesupport (5.2.0) lib/active_support/tagged_logging.rb:71:in `block in tagged'
activesupport (5.2.0) lib/active_support/tagged_logging.rb:28:in `tagged'
activesupport (5.2.0) lib/active_support/tagged_logging.rb:71:in `tagged'
railties (5.2.0) lib/rails/rack/logger.rb:26:in `call'
sprockets-rails (3.2.1) lib/sprockets/rails/quiet_assets.rb:13:in `call'
actionpack (5.2.0) lib/action_dispatch/middleware/remote_ip.rb:81:in `call'
actionpack (5.2.0) lib/action_dispatch/middleware/request_id.rb:27:in `call'
rack (2.0.5) lib/rack/method_override.rb:22:in `call'
rack (2.0.5) lib/rack/runtime.rb:22:in `call'
activesupport (5.2.0) lib/active_support/cache/strategy/local_cache_middleware.rb:29:in `call'
actionpack (5.2.0) lib/action_dispatch/middleware/executor.rb:14:in `call'
actionpack (5.2.0) lib/action_dispatch/middleware/static.rb:127:in `call'
rack (2.0.5) lib/rack/sendfile.rb:111:in `call'
railties (5.2.0) lib/rails/engine.rb:524:in `call'
puma (3.11.4) lib/puma/configuration.rb:225:in `call'
puma (3.11.4) lib/puma/server.rb:632:in `handle_request'
puma (3.11.4) lib/puma/server.rb:446:in `process_client'
puma (3.11.4) lib/puma/server.rb:306:in `block in run'
puma (3.11.4) lib/puma/thread_pool.rb:120:in `block in spawn_thread'
Started GET "/auth/google_oauth2/callback?state=5d35e8584bc37a59042f7d39923f517b1fbdd663186c63eb&code=4/AAA5h9sULipJKNzOlCFfuAyrk_58EbjN15wWW5Dt0JtOXQGJoGANiPQIgvJJvxCaOF_LydIAMovCvhrBOFw_oDQ" for 127.0.0.1 at 2018-06-08 12:42:35 +0800
  
OAuth2::Error (invalid_client: Unauthorized
{
  "error" : "invalid_client",
  "error_description" : "Unauthorized"
}):
  
oauth2 (1.4.0) lib/oauth2/client.rb:119:in `request'
oauth2 (1.4.0) lib/oauth2/client.rb:146:in `get_token'
oauth2 (1.4.0) lib/oauth2/strategy/auth_code.rb:30:in `get_token'
omniauth-google-oauth2 (0.5.3) lib/omniauth/strategies/google_oauth2.rb:120:in `get_access_token'
omniauth-google-oauth2 (0.5.3) lib/omniauth/strategies/google_oauth2.rb:94:in `custom_build_access_token'
omniauth-oauth2 (1.5.0) lib/omniauth/strategies/oauth2.rb:73:in `callback_phase'
omniauth (1.8.1) lib/omniauth/strategy.rb:236:in `callback_call'
omniauth (1.8.1) lib/omniauth/strategy.rb:188:in `call!'
omniauth (1.8.1) lib/omniauth/strategy.rb:168:in `call'
omniauth (1.8.1) lib/omniauth/builder.rb:63:in `call'
clearance (1.16.1) lib/clearance/rack_session.rb:23:in `call'
rack (2.0.5) lib/rack/tempfile_reaper.rb:15:in `call'
rack (2.0.5) lib/rack/etag.rb:25:in `call'
rack (2.0.5) lib/rack/conditional_get.rb:25:in `call'
rack (2.0.5) lib/rack/head.rb:12:in `call'
actionpack (5.2.0) lib/action_dispatch/http/content_security_policy.rb:18:in `call'
rack (2.0.5) lib/rack/session/abstract/id.rb:232:in `context'
rack (2.0.5) lib/rack/session/abstract/id.rb:226:in `call'
actionpack (5.2.0) lib/action_dispatch/middleware/cookies.rb:670:in `call'
activerecord (5.2.0) lib/active_record/migration.rb:559:in `call'
actionpack (5.2.0) lib/action_dispatch/middleware/callbacks.rb:28:in `block in call'
activesupport (5.2.0) lib/active_support/callbacks.rb:98:in `run_callbacks'
actionpack (5.2.0) lib/action_dispatch/middleware/callbacks.rb:26:in `call'
actionpack (5.2.0) lib/action_dispatch/middleware/executor.rb:14:in `call'
actionpack (5.2.0) lib/action_dispatch/middleware/debug_exceptions.rb:61:in `call'
web-console (3.6.2) lib/web_console/middleware.rb:135:in `call_app'
web-console (3.6.2) lib/web_console/middleware.rb:30:in `block in call'
web-console (3.6.2) lib/web_console/middleware.rb:20:in `catch'
web-console (3.6.2) lib/web_console/middleware.rb:20:in `call'
actionpack (5.2.0) lib/action_dispatch/middleware/show_exceptions.rb:33:in `call'
railties (5.2.0) lib/rails/rack/logger.rb:38:in `call_app'
railties (5.2.0) lib/rails/rack/logger.rb:26:in `block in call'
activesupport (5.2.0) lib/active_support/tagged_logging.rb:71:in `block in tagged'
activesupport (5.2.0) lib/active_support/tagged_logging.rb:28:in `tagged'
activesupport (5.2.0) lib/active_support/tagged_logging.rb:71:in `tagged'
railties (5.2.0) lib/rails/rack/logger.rb:26:in `call'
sprockets-rails (3.2.1) lib/sprockets/rails/quiet_assets.rb:13:in `call'
actionpack (5.2.0) lib/action_dispatch/middleware/remote_ip.rb:81:in `call'
actionpack (5.2.0) lib/action_dispatch/middleware/request_id.rb:27:in `call'
rack (2.0.5) lib/rack/method_override.rb:22:in `call'
rack (2.0.5) lib/rack/runtime.rb:22:in `call'
activesupport (5.2.0) lib/active_support/cache/strategy/local_cache_middleware.rb:29:in `call'
actionpack (5.2.0) lib/action_dispatch/middleware/executor.rb:14:in `call'
actionpack (5.2.0) lib/action_dispatch/middleware/static.rb:127:in `call'
rack (2.0.5) lib/rack/sendfile.rb:111:in `call'
railties (5.2.0) lib/rails/engine.rb:524:in `call'
puma (3.11.4) lib/puma/configuration.rb:225:in `call'
puma (3.11.4) lib/puma/server.rb:632:in `handle_request'
puma (3.11.4) lib/puma/server.rb:446:in `process_client'
puma (3.11.4) lib/puma/server.rb:306:in `block in run'
puma (3.11.4) lib/puma/thread_pool.rb:120:in `block in spawn_thread'
Started GET "/auth/google_oauth2/callback?state=5d35e8584bc37a59042f7d39923f517b1fbdd663186c63eb&code=4%2FAADcyGwbdSgBLp24vMVP2ELv9pXbm7J8N3H9ZvmX4BYK4v7YQad-Rh3H9KTPl52DJupsg-gxc_-5SAJIQqDPZgo" for 127.0.0.1 at 2018-06-08 12:43:01 +0800
  
OAuth2::Error (invalid_client: Unauthorized
{
  "error" : "invalid_client",
  "error_description" : "Unauthorized"
}):
  
oauth2 (1.4.0) lib/oauth2/client.rb:119:in `request'
oauth2 (1.4.0) lib/oauth2/client.rb:146:in `get_token'
oauth2 (1.4.0) lib/oauth2/strategy/auth_code.rb:30:in `get_token'
omniauth-google-oauth2 (0.5.3) lib/omniauth/strategies/google_oauth2.rb:120:in `get_access_token'
omniauth-google-oauth2 (0.5.3) lib/omniauth/strategies/google_oauth2.rb:94:in `custom_build_access_token'
omniauth-oauth2 (1.5.0) lib/omniauth/strategies/oauth2.rb:73:in `callback_phase'
omniauth (1.8.1) lib/omniauth/strategy.rb:236:in `callback_call'
omniauth (1.8.1) lib/omniauth/strategy.rb:188:in `call!'
omniauth (1.8.1) lib/omniauth/strategy.rb:168:in `call'
omniauth (1.8.1) lib/omniauth/builder.rb:63:in `call'
clearance (1.16.1) lib/clearance/rack_session.rb:23:in `call'
rack (2.0.5) lib/rack/tempfile_reaper.rb:15:in `call'
rack (2.0.5) lib/rack/etag.rb:25:in `call'
rack (2.0.5) lib/rack/conditional_get.rb:25:in `call'
rack (2.0.5) lib/rack/head.rb:12:in `call'
actionpack (5.2.0) lib/action_dispatch/http/content_security_policy.rb:18:in `call'
rack (2.0.5) lib/rack/session/abstract/id.rb:232:in `context'
rack (2.0.5) lib/rack/session/abstract/id.rb:226:in `call'
actionpack (5.2.0) lib/action_dispatch/middleware/cookies.rb:670:in `call'
activerecord (5.2.0) lib/active_record/migration.rb:559:in `call'
actionpack (5.2.0) lib/action_dispatch/middleware/callbacks.rb:28:in `block in call'
activesupport (5.2.0) lib/active_support/callbacks.rb:98:in `run_callbacks'
actionpack (5.2.0) lib/action_dispatch/middleware/callbacks.rb:26:in `call'
actionpack (5.2.0) lib/action_dispatch/middleware/executor.rb:14:in `call'
actionpack (5.2.0) lib/action_dispatch/middleware/debug_exceptions.rb:61:in `call'
web-console (3.6.2) lib/web_console/middleware.rb:135:in `call_app'
web-console (3.6.2) lib/web_console/middleware.rb:30:in `block in call'
web-console (3.6.2) lib/web_console/middleware.rb:20:in `catch'
web-console (3.6.2) lib/web_console/middleware.rb:20:in `call'
actionpack (5.2.0) lib/action_dispatch/middleware/show_exceptions.rb:33:in `call'
railties (5.2.0) lib/rails/rack/logger.rb:38:in `call_app'
railties (5.2.0) lib/rails/rack/logger.rb:26:in `block in call'
activesupport (5.2.0) lib/active_support/tagged_logging.rb:71:in `block in tagged'
activesupport (5.2.0) lib/active_support/tagged_logging.rb:28:in `tagged'
activesupport (5.2.0) lib/active_support/tagged_logging.rb:71:in `tagged'
railties (5.2.0) lib/rails/rack/logger.rb:26:in `call'
sprockets-rails (3.2.1) lib/sprockets/rails/quiet_assets.rb:13:in `call'
actionpack (5.2.0) lib/action_dispatch/middleware/remote_ip.rb:81:in `call'
actionpack (5.2.0) lib/action_dispatch/middleware/request_id.rb:27:in `call'
rack (2.0.5) lib/rack/method_override.rb:22:in `call'
rack (2.0.5) lib/rack/runtime.rb:22:in `call'
activesupport (5.2.0) lib/active_support/cache/strategy/local_cache_middleware.rb:29:in `call'
actionpack (5.2.0) lib/action_dispatch/middleware/executor.rb:14:in `call'
actionpack (5.2.0) lib/action_dispatch/middleware/static.rb:127:in `call'
rack (2.0.5) lib/rack/sendfile.rb:111:in `call'
railties (5.2.0) lib/rails/engine.rb:524:in `call'
puma (3.11.4) lib/puma/configuration.rb:225:in `call'
puma (3.11.4) lib/puma/server.rb:632:in `handle_request'
puma (3.11.4) lib/puma/server.rb:446:in `process_client'
puma (3.11.4) lib/puma/server.rb:306:in `block in run'
puma (3.11.4) lib/puma/thread_pool.rb:120:in `block in spawn_thread'
Started GET "/auth/google_oauth2/callback?state=5d35e8584bc37a59042f7d39923f517b1fbdd663186c63eb&code=4/AADxXFUskviuELu2timcx7InRvZYOqZbHDFp-cldgy85ZXeAoOBlh9xmp6P2hRW5SoirWO8OSdL3uZ2Ke7wYWxg" for 127.0.0.1 at 2018-06-08 12:43:30 +0800
  
OAuth2::Error (invalid_client: Unauthorized
{
  "error" : "invalid_client",
  "error_description" : "Unauthorized"
}):
  
oauth2 (1.4.0) lib/oauth2/client.rb:119:in `request'
oauth2 (1.4.0) lib/oauth2/client.rb:146:in `get_token'
oauth2 (1.4.0) lib/oauth2/strategy/auth_code.rb:30:in `get_token'
omniauth-google-oauth2 (0.5.3) lib/omniauth/strategies/google_oauth2.rb:120:in `get_access_token'
omniauth-google-oauth2 (0.5.3) lib/omniauth/strategies/google_oauth2.rb:94:in `custom_build_access_token'
omniauth-oauth2 (1.5.0) lib/omniauth/strategies/oauth2.rb:73:in `callback_phase'
omniauth (1.8.1) lib/omniauth/strategy.rb:236:in `callback_call'
omniauth (1.8.1) lib/omniauth/strategy.rb:188:in `call!'
omniauth (1.8.1) lib/omniauth/strategy.rb:168:in `call'
omniauth (1.8.1) lib/omniauth/builder.rb:63:in `call'
clearance (1.16.1) lib/clearance/rack_session.rb:23:in `call'
rack (2.0.5) lib/rack/tempfile_reaper.rb:15:in `call'
rack (2.0.5) lib/rack/etag.rb:25:in `call'
rack (2.0.5) lib/rack/conditional_get.rb:25:in `call'
rack (2.0.5) lib/rack/head.rb:12:in `call'
actionpack (5.2.0) lib/action_dispatch/http/content_security_policy.rb:18:in `call'
rack (2.0.5) lib/rack/session/abstract/id.rb:232:in `context'
rack (2.0.5) lib/rack/session/abstract/id.rb:226:in `call'
actionpack (5.2.0) lib/action_dispatch/middleware/cookies.rb:670:in `call'
activerecord (5.2.0) lib/active_record/migration.rb:559:in `call'
actionpack (5.2.0) lib/action_dispatch/middleware/callbacks.rb:28:in `block in call'
activesupport (5.2.0) lib/active_support/callbacks.rb:98:in `run_callbacks'
actionpack (5.2.0) lib/action_dispatch/middleware/callbacks.rb:26:in `call'
actionpack (5.2.0) lib/action_dispatch/middleware/executor.rb:14:in `call'
actionpack (5.2.0) lib/action_dispatch/middleware/debug_exceptions.rb:61:in `call'
web-console (3.6.2) lib/web_console/middleware.rb:135:in `call_app'
web-console (3.6.2) lib/web_console/middleware.rb:30:in `block in call'
web-console (3.6.2) lib/web_console/middleware.rb:20:in `catch'
web-console (3.6.2) lib/web_console/middleware.rb:20:in `call'
actionpack (5.2.0) lib/action_dispatch/middleware/show_exceptions.rb:33:in `call'
railties (5.2.0) lib/rails/rack/logger.rb:38:in `call_app'
railties (5.2.0) lib/rails/rack/logger.rb:26:in `block in call'
activesupport (5.2.0) lib/active_support/tagged_logging.rb:71:in `block in tagged'
activesupport (5.2.0) lib/active_support/tagged_logging.rb:28:in `tagged'
activesupport (5.2.0) lib/active_support/tagged_logging.rb:71:in `tagged'
railties (5.2.0) lib/rails/rack/logger.rb:26:in `call'
sprockets-rails (3.2.1) lib/sprockets/rails/quiet_assets.rb:13:in `call'
actionpack (5.2.0) lib/action_dispatch/middleware/remote_ip.rb:81:in `call'
actionpack (5.2.0) lib/action_dispatch/middleware/request_id.rb:27:in `call'
rack (2.0.5) lib/rack/method_override.rb:22:in `call'
rack (2.0.5) lib/rack/runtime.rb:22:in `call'
activesupport (5.2.0) lib/active_support/cache/strategy/local_cache_middleware.rb:29:in `call'
actionpack (5.2.0) lib/action_dispatch/middleware/executor.rb:14:in `call'
actionpack (5.2.0) lib/action_dispatch/middleware/static.rb:127:in `call'
rack (2.0.5) lib/rack/sendfile.rb:111:in `call'
railties (5.2.0) lib/rails/engine.rb:524:in `call'
puma (3.11.4) lib/puma/configuration.rb:225:in `call'
puma (3.11.4) lib/puma/server.rb:632:in `handle_request'
puma (3.11.4) lib/puma/server.rb:446:in `process_client'
puma (3.11.4) lib/puma/server.rb:306:in `block in run'
puma (3.11.4) lib/puma/thread_pool.rb:120:in `block in spawn_thread'
Started GET "/sign_in" for 127.0.0.1 at 2018-06-08 12:44:09 +0800
Processing by Clearance::SessionsController#new as HTML
  Rendering sessions/new.html.erb within layouts/application
  Rendered sessions/_form.html.erb (1.6ms)
  Rendered sessions/new.html.erb within layouts/application (6.2ms)
Completed 200 OK in 31ms (Views: 30.5ms | ActiveRecord: 0.0ms)


Started GET "/" for 127.0.0.1 at 2018-06-08 12:44:10 +0800
Processing by FrontController#index as HTML
  Rendering front/index.html.erb within layouts/application
  Rendered front/index.html.erb within layouts/application (0.5ms)
Completed 200 OK in 24ms (Views: 22.5ms | ActiveRecord: 0.0ms)


Started GET "/sign_in" for 127.0.0.1 at 2018-06-08 12:44:11 +0800
Processing by Clearance::SessionsController#new as HTML
  Rendering sessions/new.html.erb within layouts/application
  Rendered sessions/_form.html.erb (1.9ms)
  Rendered sessions/new.html.erb within layouts/application (3.9ms)
Completed 200 OK in 40ms (Views: 39.4ms | ActiveRecord: 0.0ms)


Started GET "/sign_up" for 127.0.0.1 at 2018-06-08 12:44:14 +0800
Processing by Clearance::UsersController#new as HTML
  Rendering users/new.html.erb within layouts/application
  Rendered users/_form.html.erb (1.8ms)
  Rendered users/new.html.erb within layouts/application (5.6ms)
Completed 200 OK in 45ms (Views: 26.0ms | ActiveRecord: 7.0ms)


Started GET "/sign_in" for 127.0.0.1 at 2018-06-08 12:44:17 +0800
Processing by Clearance::SessionsController#new as HTML
  Rendering sessions/new.html.erb within layouts/application
  Rendered sessions/_form.html.erb (1.8ms)
  Rendered sessions/new.html.erb within layouts/application (4.6ms)
Completed 200 OK in 40ms (Views: 39.3ms | ActiveRecord: 0.0ms)


Started GET "/auth/google_oauth2" for 127.0.0.1 at 2018-06-08 12:44:29 +0800
Started GET "/auth/google_oauth2" for 127.0.0.1 at 2018-06-08 12:44:29 +0800
Started GET "/auth/google_oauth2/callback?state=ebec76941c405d7c8ee93feaea2e5d89086038661a0419f7&code=4/AACngeImbZm4lL5D813zlMZKfPQW_bSj2izz9-h8DNNv_Y5x7PYip6T3uMDAU6Qaswl1KoAS-Yj76h0UrqW4ew4" for 127.0.0.1 at 2018-06-08 12:44:34 +0800
  
OAuth2::Error (invalid_client: Unauthorized
{
  "error" : "invalid_client",
  "error_description" : "Unauthorized"
}):
  
oauth2 (1.4.0) lib/oauth2/client.rb:119:in `request'
oauth2 (1.4.0) lib/oauth2/client.rb:146:in `get_token'
oauth2 (1.4.0) lib/oauth2/strategy/auth_code.rb:30:in `get_token'
omniauth-google-oauth2 (0.5.3) lib/omniauth/strategies/google_oauth2.rb:120:in `get_access_token'
omniauth-google-oauth2 (0.5.3) lib/omniauth/strategies/google_oauth2.rb:94:in `custom_build_access_token'
omniauth-oauth2 (1.5.0) lib/omniauth/strategies/oauth2.rb:73:in `callback_phase'
omniauth (1.8.1) lib/omniauth/strategy.rb:236:in `callback_call'
omniauth (1.8.1) lib/omniauth/strategy.rb:188:in `call!'
omniauth (1.8.1) lib/omniauth/strategy.rb:168:in `call'
omniauth (1.8.1) lib/omniauth/builder.rb:63:in `call'
clearance (1.16.1) lib/clearance/rack_session.rb:23:in `call'
rack (2.0.5) lib/rack/tempfile_reaper.rb:15:in `call'
rack (2.0.5) lib/rack/etag.rb:25:in `call'
rack (2.0.5) lib/rack/conditional_get.rb:25:in `call'
rack (2.0.5) lib/rack/head.rb:12:in `call'
actionpack (5.2.0) lib/action_dispatch/http/content_security_policy.rb:18:in `call'
rack (2.0.5) lib/rack/session/abstract/id.rb:232:in `context'
rack (2.0.5) lib/rack/session/abstract/id.rb:226:in `call'
actionpack (5.2.0) lib/action_dispatch/middleware/cookies.rb:670:in `call'
activerecord (5.2.0) lib/active_record/migration.rb:559:in `call'
actionpack (5.2.0) lib/action_dispatch/middleware/callbacks.rb:28:in `block in call'
activesupport (5.2.0) lib/active_support/callbacks.rb:98:in `run_callbacks'
actionpack (5.2.0) lib/action_dispatch/middleware/callbacks.rb:26:in `call'
actionpack (5.2.0) lib/action_dispatch/middleware/executor.rb:14:in `call'
actionpack (5.2.0) lib/action_dispatch/middleware/debug_exceptions.rb:61:in `call'
web-console (3.6.2) lib/web_console/middleware.rb:135:in `call_app'
web-console (3.6.2) lib/web_console/middleware.rb:30:in `block in call'
web-console (3.6.2) lib/web_console/middleware.rb:20:in `catch'
web-console (3.6.2) lib/web_console/middleware.rb:20:in `call'
actionpack (5.2.0) lib/action_dispatch/middleware/show_exceptions.rb:33:in `call'
railties (5.2.0) lib/rails/rack/logger.rb:38:in `call_app'
railties (5.2.0) lib/rails/rack/logger.rb:26:in `block in call'
activesupport (5.2.0) lib/active_support/tagged_logging.rb:71:in `block in tagged'
activesupport (5.2.0) lib/active_support/tagged_logging.rb:28:in `tagged'
activesupport (5.2.0) lib/active_support/tagged_logging.rb:71:in `tagged'
railties (5.2.0) lib/rails/rack/logger.rb:26:in `call'
sprockets-rails (3.2.1) lib/sprockets/rails/quiet_assets.rb:13:in `call'
actionpack (5.2.0) lib/action_dispatch/middleware/remote_ip.rb:81:in `call'
actionpack (5.2.0) lib/action_dispatch/middleware/request_id.rb:27:in `call'
rack (2.0.5) lib/rack/method_override.rb:22:in `call'
rack (2.0.5) lib/rack/runtime.rb:22:in `call'
activesupport (5.2.0) lib/active_support/cache/strategy/local_cache_middleware.rb:29:in `call'
actionpack (5.2.0) lib/action_dispatch/middleware/executor.rb:14:in `call'
actionpack (5.2.0) lib/action_dispatch/middleware/static.rb:127:in `call'
rack (2.0.5) lib/rack/sendfile.rb:111:in `call'
railties (5.2.0) lib/rails/engine.rb:524:in `call'
puma (3.11.4) lib/puma/configuration.rb:225:in `call'
puma (3.11.4) lib/puma/server.rb:632:in `handle_request'
puma (3.11.4) lib/puma/server.rb:446:in `process_client'
puma (3.11.4) lib/puma/server.rb:306:in `block in run'
puma (3.11.4) lib/puma/thread_pool.rb:120:in `block in spawn_thread'
Started GET "/auth/google_oauth2/callback?state=ebec76941c405d7c8ee93feaea2e5d89086038661a0419f7&code=4/AABSYTyee0ryo4LU8rcSI6ZssEwOUxvcsYF7yMiI2XjctqfDcMHMJaKQu0VNEv4PFZijporjQ-o2BlOrro-K85s" for 127.0.0.1 at 2018-06-08 12:45:50 +0800
  
OAuth2::Error (invalid_client: Unauthorized
{
  "error" : "invalid_client",
  "error_description" : "Unauthorized"
}):
  
oauth2 (1.4.0) lib/oauth2/client.rb:119:in `request'
oauth2 (1.4.0) lib/oauth2/client.rb:146:in `get_token'
oauth2 (1.4.0) lib/oauth2/strategy/auth_code.rb:30:in `get_token'
omniauth-google-oauth2 (0.5.3) lib/omniauth/strategies/google_oauth2.rb:120:in `get_access_token'
omniauth-google-oauth2 (0.5.3) lib/omniauth/strategies/google_oauth2.rb:94:in `custom_build_access_token'
omniauth-oauth2 (1.5.0) lib/omniauth/strategies/oauth2.rb:73:in `callback_phase'
omniauth (1.8.1) lib/omniauth/strategy.rb:236:in `callback_call'
omniauth (1.8.1) lib/omniauth/strategy.rb:188:in `call!'
omniauth (1.8.1) lib/omniauth/strategy.rb:168:in `call'
omniauth (1.8.1) lib/omniauth/builder.rb:63:in `call'
clearance (1.16.1) lib/clearance/rack_session.rb:23:in `call'
rack (2.0.5) lib/rack/tempfile_reaper.rb:15:in `call'
rack (2.0.5) lib/rack/etag.rb:25:in `call'
rack (2.0.5) lib/rack/conditional_get.rb:25:in `call'
rack (2.0.5) lib/rack/head.rb:12:in `call'
actionpack (5.2.0) lib/action_dispatch/http/content_security_policy.rb:18:in `call'
rack (2.0.5) lib/rack/session/abstract/id.rb:232:in `context'
rack (2.0.5) lib/rack/session/abstract/id.rb:226:in `call'
actionpack (5.2.0) lib/action_dispatch/middleware/cookies.rb:670:in `call'
activerecord (5.2.0) lib/active_record/migration.rb:559:in `call'
actionpack (5.2.0) lib/action_dispatch/middleware/callbacks.rb:28:in `block in call'
activesupport (5.2.0) lib/active_support/callbacks.rb:98:in `run_callbacks'
actionpack (5.2.0) lib/action_dispatch/middleware/callbacks.rb:26:in `call'
actionpack (5.2.0) lib/action_dispatch/middleware/executor.rb:14:in `call'
actionpack (5.2.0) lib/action_dispatch/middleware/debug_exceptions.rb:61:in `call'
web-console (3.6.2) lib/web_console/middleware.rb:135:in `call_app'
web-console (3.6.2) lib/web_console/middleware.rb:30:in `block in call'
web-console (3.6.2) lib/web_console/middleware.rb:20:in `catch'
web-console (3.6.2) lib/web_console/middleware.rb:20:in `call'
actionpack (5.2.0) lib/action_dispatch/middleware/show_exceptions.rb:33:in `call'
railties (5.2.0) lib/rails/rack/logger.rb:38:in `call_app'
railties (5.2.0) lib/rails/rack/logger.rb:26:in `block in call'
activesupport (5.2.0) lib/active_support/tagged_logging.rb:71:in `block in tagged'
activesupport (5.2.0) lib/active_support/tagged_logging.rb:28:in `tagged'
activesupport (5.2.0) lib/active_support/tagged_logging.rb:71:in `tagged'
railties (5.2.0) lib/rails/rack/logger.rb:26:in `call'
sprockets-rails (3.2.1) lib/sprockets/rails/quiet_assets.rb:13:in `call'
actionpack (5.2.0) lib/action_dispatch/middleware/remote_ip.rb:81:in `call'
actionpack (5.2.0) lib/action_dispatch/middleware/request_id.rb:27:in `call'
rack (2.0.5) lib/rack/method_override.rb:22:in `call'
rack (2.0.5) lib/rack/runtime.rb:22:in `call'
activesupport (5.2.0) lib/active_support/cache/strategy/local_cache_middleware.rb:29:in `call'
actionpack (5.2.0) lib/action_dispatch/middleware/executor.rb:14:in `call'
actionpack (5.2.0) lib/action_dispatch/middleware/static.rb:127:in `call'
rack (2.0.5) lib/rack/sendfile.rb:111:in `call'
railties (5.2.0) lib/rails/engine.rb:524:in `call'
puma (3.11.4) lib/puma/configuration.rb:225:in `call'
puma (3.11.4) lib/puma/server.rb:632:in `handle_request'
puma (3.11.4) lib/puma/server.rb:446:in `process_client'
puma (3.11.4) lib/puma/server.rb:306:in `block in run'
puma (3.11.4) lib/puma/thread_pool.rb:120:in `block in spawn_thread'
Started GET "/auth/google_oauth2/callback?state=ebec76941c405d7c8ee93feaea2e5d89086038661a0419f7&code=4/AABSYTyee0ryo4LU8rcSI6ZssEwOUxvcsYF7yMiI2XjctqfDcMHMJaKQu0VNEv4PFZijporjQ-o2BlOrro-K85s" for 127.0.0.1 at 2018-06-08 12:47:17 +0800
  
OAuth2::Error (invalid_client: Unauthorized
{
  "error" : "invalid_client",
  "error_description" : "Unauthorized"
}):
  
oauth2 (1.4.0) lib/oauth2/client.rb:119:in `request'
oauth2 (1.4.0) lib/oauth2/client.rb:146:in `get_token'
oauth2 (1.4.0) lib/oauth2/strategy/auth_code.rb:30:in `get_token'
omniauth-google-oauth2 (0.5.3) lib/omniauth/strategies/google_oauth2.rb:120:in `get_access_token'
omniauth-google-oauth2 (0.5.3) lib/omniauth/strategies/google_oauth2.rb:94:in `custom_build_access_token'
omniauth-oauth2 (1.5.0) lib/omniauth/strategies/oauth2.rb:73:in `callback_phase'
omniauth (1.8.1) lib/omniauth/strategy.rb:236:in `callback_call'
omniauth (1.8.1) lib/omniauth/strategy.rb:188:in `call!'
omniauth (1.8.1) lib/omniauth/strategy.rb:168:in `call'
omniauth (1.8.1) lib/omniauth/builder.rb:63:in `call'
clearance (1.16.1) lib/clearance/rack_session.rb:23:in `call'
rack (2.0.5) lib/rack/tempfile_reaper.rb:15:in `call'
rack (2.0.5) lib/rack/etag.rb:25:in `call'
rack (2.0.5) lib/rack/conditional_get.rb:25:in `call'
rack (2.0.5) lib/rack/head.rb:12:in `call'
actionpack (5.2.0) lib/action_dispatch/http/content_security_policy.rb:18:in `call'
rack (2.0.5) lib/rack/session/abstract/id.rb:232:in `context'
rack (2.0.5) lib/rack/session/abstract/id.rb:226:in `call'
actionpack (5.2.0) lib/action_dispatch/middleware/cookies.rb:670:in `call'
activerecord (5.2.0) lib/active_record/migration.rb:559:in `call'
actionpack (5.2.0) lib/action_dispatch/middleware/callbacks.rb:28:in `block in call'
activesupport (5.2.0) lib/active_support/callbacks.rb:98:in `run_callbacks'
actionpack (5.2.0) lib/action_dispatch/middleware/callbacks.rb:26:in `call'
actionpack (5.2.0) lib/action_dispatch/middleware/executor.rb:14:in `call'
actionpack (5.2.0) lib/action_dispatch/middleware/debug_exceptions.rb:61:in `call'
web-console (3.6.2) lib/web_console/middleware.rb:135:in `call_app'
web-console (3.6.2) lib/web_console/middleware.rb:30:in `block in call'
web-console (3.6.2) lib/web_console/middleware.rb:20:in `catch'
web-console (3.6.2) lib/web_console/middleware.rb:20:in `call'
actionpack (5.2.0) lib/action_dispatch/middleware/show_exceptions.rb:33:in `call'
railties (5.2.0) lib/rails/rack/logger.rb:38:in `call_app'
railties (5.2.0) lib/rails/rack/logger.rb:26:in `block in call'
activesupport (5.2.0) lib/active_support/tagged_logging.rb:71:in `block in tagged'
activesupport (5.2.0) lib/active_support/tagged_logging.rb:28:in `tagged'
activesupport (5.2.0) lib/active_support/tagged_logging.rb:71:in `tagged'
railties (5.2.0) lib/rails/rack/logger.rb:26:in `call'
sprockets-rails (3.2.1) lib/sprockets/rails/quiet_assets.rb:13:in `call'
actionpack (5.2.0) lib/action_dispatch/middleware/remote_ip.rb:81:in `call'
actionpack (5.2.0) lib/action_dispatch/middleware/request_id.rb:27:in `call'
rack (2.0.5) lib/rack/method_override.rb:22:in `call'
rack (2.0.5) lib/rack/runtime.rb:22:in `call'
activesupport (5.2.0) lib/active_support/cache/strategy/local_cache_middleware.rb:29:in `call'
actionpack (5.2.0) lib/action_dispatch/middleware/executor.rb:14:in `call'
actionpack (5.2.0) lib/action_dispatch/middleware/static.rb:127:in `call'
rack (2.0.5) lib/rack/sendfile.rb:111:in `call'
railties (5.2.0) lib/rails/engine.rb:524:in `call'
puma (3.11.4) lib/puma/configuration.rb:225:in `call'
puma (3.11.4) lib/puma/server.rb:632:in `handle_request'
puma (3.11.4) lib/puma/server.rb:446:in `process_client'
puma (3.11.4) lib/puma/server.rb:306:in `block in run'
puma (3.11.4) lib/puma/thread_pool.rb:120:in `block in spawn_thread'
Started GET "/sign_in" for 127.0.0.1 at 2018-06-08 12:47:20 +0800
Processing by Clearance::SessionsController#new as HTML
  Rendering sessions/new.html.erb within layouts/application
  Rendered sessions/_form.html.erb (3.4ms)
  Rendered sessions/new.html.erb within layouts/application (5.2ms)
Completed 200 OK in 32ms (Views: 31.7ms | ActiveRecord: 0.0ms)


Started GET "/sign_in" for 127.0.0.1 at 2018-06-08 12:47:22 +0800
Processing by Clearance::SessionsController#new as HTML
  Rendering sessions/new.html.erb within layouts/application
  Rendered sessions/_form.html.erb (1.7ms)
  Rendered sessions/new.html.erb within layouts/application (3.2ms)
Completed 200 OK in 37ms (Views: 35.9ms | ActiveRecord: 0.0ms)


Started GET "/auth/google_oauth2" for 127.0.0.1 at 2018-06-08 12:47:24 +0800
Started GET "/auth/google_oauth2" for 127.0.0.1 at 2018-06-08 12:47:24 +0800
Started GET "/auth/google_oauth2/callback?state=c89335d990590b5bc1b12d48d4308e554142365c4382f6b4&code=4/AACe7Z5i40uvLCx55K_F1uLgq3yZt_izW42rIG-OkNG2xgQ8vDacQtkmjB7jHIbdca2-OjzL8iZhrf3_yf7xQRo" for 127.0.0.1 at 2018-06-08 12:47:29 +0800
  
OAuth2::Error (invalid_client: Unauthorized
{
  "error" : "invalid_client",
  "error_description" : "Unauthorized"
}):
  
oauth2 (1.4.0) lib/oauth2/client.rb:119:in `request'
oauth2 (1.4.0) lib/oauth2/client.rb:146:in `get_token'
oauth2 (1.4.0) lib/oauth2/strategy/auth_code.rb:30:in `get_token'
omniauth-google-oauth2 (0.5.3) lib/omniauth/strategies/google_oauth2.rb:120:in `get_access_token'
omniauth-google-oauth2 (0.5.3) lib/omniauth/strategies/google_oauth2.rb:94:in `custom_build_access_token'
omniauth-oauth2 (1.5.0) lib/omniauth/strategies/oauth2.rb:73:in `callback_phase'
omniauth (1.8.1) lib/omniauth/strategy.rb:236:in `callback_call'
omniauth (1.8.1) lib/omniauth/strategy.rb:188:in `call!'
omniauth (1.8.1) lib/omniauth/strategy.rb:168:in `call'
omniauth (1.8.1) lib/omniauth/builder.rb:63:in `call'
clearance (1.16.1) lib/clearance/rack_session.rb:23:in `call'
rack (2.0.5) lib/rack/tempfile_reaper.rb:15:in `call'
rack (2.0.5) lib/rack/etag.rb:25:in `call'
rack (2.0.5) lib/rack/conditional_get.rb:25:in `call'
rack (2.0.5) lib/rack/head.rb:12:in `call'
actionpack (5.2.0) lib/action_dispatch/http/content_security_policy.rb:18:in `call'
rack (2.0.5) lib/rack/session/abstract/id.rb:232:in `context'
rack (2.0.5) lib/rack/session/abstract/id.rb:226:in `call'
actionpack (5.2.0) lib/action_dispatch/middleware/cookies.rb:670:in `call'
activerecord (5.2.0) lib/active_record/migration.rb:559:in `call'
actionpack (5.2.0) lib/action_dispatch/middleware/callbacks.rb:28:in `block in call'
activesupport (5.2.0) lib/active_support/callbacks.rb:98:in `run_callbacks'
actionpack (5.2.0) lib/action_dispatch/middleware/callbacks.rb:26:in `call'
actionpack (5.2.0) lib/action_dispatch/middleware/executor.rb:14:in `call'
actionpack (5.2.0) lib/action_dispatch/middleware/debug_exceptions.rb:61:in `call'
web-console (3.6.2) lib/web_console/middleware.rb:135:in `call_app'
web-console (3.6.2) lib/web_console/middleware.rb:30:in `block in call'
web-console (3.6.2) lib/web_console/middleware.rb:20:in `catch'
web-console (3.6.2) lib/web_console/middleware.rb:20:in `call'
actionpack (5.2.0) lib/action_dispatch/middleware/show_exceptions.rb:33:in `call'
railties (5.2.0) lib/rails/rack/logger.rb:38:in `call_app'
railties (5.2.0) lib/rails/rack/logger.rb:26:in `block in call'
activesupport (5.2.0) lib/active_support/tagged_logging.rb:71:in `block in tagged'
activesupport (5.2.0) lib/active_support/tagged_logging.rb:28:in `tagged'
activesupport (5.2.0) lib/active_support/tagged_logging.rb:71:in `tagged'
railties (5.2.0) lib/rails/rack/logger.rb:26:in `call'
sprockets-rails (3.2.1) lib/sprockets/rails/quiet_assets.rb:13:in `call'
actionpack (5.2.0) lib/action_dispatch/middleware/remote_ip.rb:81:in `call'
actionpack (5.2.0) lib/action_dispatch/middleware/request_id.rb:27:in `call'
rack (2.0.5) lib/rack/method_override.rb:22:in `call'
rack (2.0.5) lib/rack/runtime.rb:22:in `call'
activesupport (5.2.0) lib/active_support/cache/strategy/local_cache_middleware.rb:29:in `call'
actionpack (5.2.0) lib/action_dispatch/middleware/executor.rb:14:in `call'
actionpack (5.2.0) lib/action_dispatch/middleware/static.rb:127:in `call'
rack (2.0.5) lib/rack/sendfile.rb:111:in `call'
railties (5.2.0) lib/rails/engine.rb:524:in `call'
puma (3.11.4) lib/puma/configuration.rb:225:in `call'
puma (3.11.4) lib/puma/server.rb:632:in `handle_request'
puma (3.11.4) lib/puma/server.rb:446:in `process_client'
puma (3.11.4) lib/puma/server.rb:306:in `block in run'
puma (3.11.4) lib/puma/thread_pool.rb:120:in `block in spawn_thread'
Started GET "/auth/google_oauth2/callback?state=c89335d990590b5bc1b12d48d4308e554142365c4382f6b4&code=4/AAB3tTPz0H4UagKOHM12khym9E_raJDBR6lhU5JJTbSQYF-etpuCt23WvqL3LGxHI4KIaIAR2qJ769K9WVwg3o0" for 127.0.0.1 at 2018-06-08 12:49:53 +0800
  
OAuth2::Error (invalid_client: Unauthorized
{
  "error" : "invalid_client",
  "error_description" : "Unauthorized"
}):
  
oauth2 (1.4.0) lib/oauth2/client.rb:119:in `request'
oauth2 (1.4.0) lib/oauth2/client.rb:146:in `get_token'
oauth2 (1.4.0) lib/oauth2/strategy/auth_code.rb:30:in `get_token'
omniauth-google-oauth2 (0.5.3) lib/omniauth/strategies/google_oauth2.rb:120:in `get_access_token'
omniauth-google-oauth2 (0.5.3) lib/omniauth/strategies/google_oauth2.rb:94:in `custom_build_access_token'
omniauth-oauth2 (1.5.0) lib/omniauth/strategies/oauth2.rb:73:in `callback_phase'
omniauth (1.8.1) lib/omniauth/strategy.rb:236:in `callback_call'
omniauth (1.8.1) lib/omniauth/strategy.rb:188:in `call!'
omniauth (1.8.1) lib/omniauth/strategy.rb:168:in `call'
omniauth (1.8.1) lib/omniauth/builder.rb:63:in `call'
clearance (1.16.1) lib/clearance/rack_session.rb:23:in `call'
rack (2.0.5) lib/rack/tempfile_reaper.rb:15:in `call'
rack (2.0.5) lib/rack/etag.rb:25:in `call'
rack (2.0.5) lib/rack/conditional_get.rb:25:in `call'
rack (2.0.5) lib/rack/head.rb:12:in `call'
actionpack (5.2.0) lib/action_dispatch/http/content_security_policy.rb:18:in `call'
rack (2.0.5) lib/rack/session/abstract/id.rb:232:in `context'
rack (2.0.5) lib/rack/session/abstract/id.rb:226:in `call'
actionpack (5.2.0) lib/action_dispatch/middleware/cookies.rb:670:in `call'
activerecord (5.2.0) lib/active_record/migration.rb:559:in `call'
actionpack (5.2.0) lib/action_dispatch/middleware/callbacks.rb:28:in `block in call'
activesupport (5.2.0) lib/active_support/callbacks.rb:98:in `run_callbacks'
actionpack (5.2.0) lib/action_dispatch/middleware/callbacks.rb:26:in `call'
actionpack (5.2.0) lib/action_dispatch/middleware/executor.rb:14:in `call'
actionpack (5.2.0) lib/action_dispatch/middleware/debug_exceptions.rb:61:in `call'
web-console (3.6.2) lib/web_console/middleware.rb:135:in `call_app'
web-console (3.6.2) lib/web_console/middleware.rb:30:in `block in call'
web-console (3.6.2) lib/web_console/middleware.rb:20:in `catch'
web-console (3.6.2) lib/web_console/middleware.rb:20:in `call'
actionpack (5.2.0) lib/action_dispatch/middleware/show_exceptions.rb:33:in `call'
railties (5.2.0) lib/rails/rack/logger.rb:38:in `call_app'
railties (5.2.0) lib/rails/rack/logger.rb:26:in `block in call'
activesupport (5.2.0) lib/active_support/tagged_logging.rb:71:in `block in tagged'
activesupport (5.2.0) lib/active_support/tagged_logging.rb:28:in `tagged'
activesupport (5.2.0) lib/active_support/tagged_logging.rb:71:in `tagged'
railties (5.2.0) lib/rails/rack/logger.rb:26:in `call'
sprockets-rails (3.2.1) lib/sprockets/rails/quiet_assets.rb:13:in `call'
actionpack (5.2.0) lib/action_dispatch/middleware/remote_ip.rb:81:in `call'
actionpack (5.2.0) lib/action_dispatch/middleware/request_id.rb:27:in `call'
rack (2.0.5) lib/rack/method_override.rb:22:in `call'
rack (2.0.5) lib/rack/runtime.rb:22:in `call'
activesupport (5.2.0) lib/active_support/cache/strategy/local_cache_middleware.rb:29:in `call'
actionpack (5.2.0) lib/action_dispatch/middleware/executor.rb:14:in `call'
actionpack (5.2.0) lib/action_dispatch/middleware/static.rb:127:in `call'
rack (2.0.5) lib/rack/sendfile.rb:111:in `call'
railties (5.2.0) lib/rails/engine.rb:524:in `call'
puma (3.11.4) lib/puma/configuration.rb:225:in `call'
puma (3.11.4) lib/puma/server.rb:632:in `handle_request'
puma (3.11.4) lib/puma/server.rb:446:in `process_client'
puma (3.11.4) lib/puma/server.rb:306:in `block in run'
puma (3.11.4) lib/puma/thread_pool.rb:120:in `block in spawn_thread'
Started GET "/sign_in" for 127.0.0.1 at 2018-06-08 12:53:20 +0800
Processing by Clearance::SessionsController#new as HTML
  Rendering sessions/new.html.erb within layouts/application
  Rendered sessions/_form.html.erb (1.8ms)
  Rendered sessions/new.html.erb within layouts/application (3.7ms)
Completed 200 OK in 37ms (Views: 36.9ms | ActiveRecord: 0.0ms)


Started GET "/sign_in" for 127.0.0.1 at 2018-06-08 12:53:22 +0800
Processing by Clearance::SessionsController#new as HTML
  Rendering sessions/new.html.erb within layouts/application
  Rendered sessions/_form.html.erb (1.8ms)
  Rendered sessions/new.html.erb within layouts/application (3.3ms)
Completed 200 OK in 34ms (Views: 33.6ms | ActiveRecord: 0.0ms)


Started GET "/auth/google_oauth2" for 127.0.0.1 at 2018-06-08 12:53:24 +0800
Started GET "/auth/google_oauth2" for 127.0.0.1 at 2018-06-08 12:53:24 +0800
Started GET "/auth/google_oauth2/callback?state=d78c6c0781fd5b87d5e87c0775ebef51bec9ed20a793dd53&code=4/AACphL7DHkrf9q_Ia0Z34pbyIGaXGWI6CW-xtNu4Ad53YNo4SmhKls5_H2kVhffZCHt3QSs96MV_uEGQz43G6to" for 127.0.0.1 at 2018-06-08 12:53:26 +0800
  
OAuth2::Error (invalid_client: Unauthorized
{
  "error" : "invalid_client",
  "error_description" : "Unauthorized"
}):
  
oauth2 (1.4.0) lib/oauth2/client.rb:119:in `request'
oauth2 (1.4.0) lib/oauth2/client.rb:146:in `get_token'
oauth2 (1.4.0) lib/oauth2/strategy/auth_code.rb:30:in `get_token'
omniauth-google-oauth2 (0.5.3) lib/omniauth/strategies/google_oauth2.rb:120:in `get_access_token'
omniauth-google-oauth2 (0.5.3) lib/omniauth/strategies/google_oauth2.rb:94:in `custom_build_access_token'
omniauth-oauth2 (1.5.0) lib/omniauth/strategies/oauth2.rb:73:in `callback_phase'
omniauth (1.8.1) lib/omniauth/strategy.rb:236:in `callback_call'
omniauth (1.8.1) lib/omniauth/strategy.rb:188:in `call!'
omniauth (1.8.1) lib/omniauth/strategy.rb:168:in `call'
omniauth (1.8.1) lib/omniauth/builder.rb:63:in `call'
clearance (1.16.1) lib/clearance/rack_session.rb:23:in `call'
rack (2.0.5) lib/rack/tempfile_reaper.rb:15:in `call'
rack (2.0.5) lib/rack/etag.rb:25:in `call'
rack (2.0.5) lib/rack/conditional_get.rb:25:in `call'
rack (2.0.5) lib/rack/head.rb:12:in `call'
actionpack (5.2.0) lib/action_dispatch/http/content_security_policy.rb:18:in `call'
rack (2.0.5) lib/rack/session/abstract/id.rb:232:in `context'
rack (2.0.5) lib/rack/session/abstract/id.rb:226:in `call'
actionpack (5.2.0) lib/action_dispatch/middleware/cookies.rb:670:in `call'
activerecord (5.2.0) lib/active_record/migration.rb:559:in `call'
actionpack (5.2.0) lib/action_dispatch/middleware/callbacks.rb:28:in `block in call'
activesupport (5.2.0) lib/active_support/callbacks.rb:98:in `run_callbacks'
actionpack (5.2.0) lib/action_dispatch/middleware/callbacks.rb:26:in `call'
actionpack (5.2.0) lib/action_dispatch/middleware/executor.rb:14:in `call'
actionpack (5.2.0) lib/action_dispatch/middleware/debug_exceptions.rb:61:in `call'
web-console (3.6.2) lib/web_console/middleware.rb:135:in `call_app'
web-console (3.6.2) lib/web_console/middleware.rb:30:in `block in call'
web-console (3.6.2) lib/web_console/middleware.rb:20:in `catch'
web-console (3.6.2) lib/web_console/middleware.rb:20:in `call'
actionpack (5.2.0) lib/action_dispatch/middleware/show_exceptions.rb:33:in `call'
railties (5.2.0) lib/rails/rack/logger.rb:38:in `call_app'
railties (5.2.0) lib/rails/rack/logger.rb:26:in `block in call'
activesupport (5.2.0) lib/active_support/tagged_logging.rb:71:in `block in tagged'
activesupport (5.2.0) lib/active_support/tagged_logging.rb:28:in `tagged'
activesupport (5.2.0) lib/active_support/tagged_logging.rb:71:in `tagged'
railties (5.2.0) lib/rails/rack/logger.rb:26:in `call'
sprockets-rails (3.2.1) lib/sprockets/rails/quiet_assets.rb:13:in `call'
actionpack (5.2.0) lib/action_dispatch/middleware/remote_ip.rb:81:in `call'
actionpack (5.2.0) lib/action_dispatch/middleware/request_id.rb:27:in `call'
rack (2.0.5) lib/rack/method_override.rb:22:in `call'
rack (2.0.5) lib/rack/runtime.rb:22:in `call'
activesupport (5.2.0) lib/active_support/cache/strategy/local_cache_middleware.rb:29:in `call'
actionpack (5.2.0) lib/action_dispatch/middleware/executor.rb:14:in `call'
actionpack (5.2.0) lib/action_dispatch/middleware/static.rb:127:in `call'
rack (2.0.5) lib/rack/sendfile.rb:111:in `call'
railties (5.2.0) lib/rails/engine.rb:524:in `call'
puma (3.11.4) lib/puma/configuration.rb:225:in `call'
puma (3.11.4) lib/puma/server.rb:632:in `handle_request'
puma (3.11.4) lib/puma/server.rb:446:in `process_client'
puma (3.11.4) lib/puma/server.rb:306:in `block in run'
puma (3.11.4) lib/puma/thread_pool.rb:120:in `block in spawn_thread'
Started GET "/sign_in" for 127.0.0.1 at 2018-06-08 12:53:47 +0800
Processing by Clearance::SessionsController#new as HTML
  Rendering sessions/new.html.erb within layouts/application
  Rendered sessions/_form.html.erb (1.6ms)
  Rendered sessions/new.html.erb within layouts/application (3.1ms)
Completed 200 OK in 29ms (Views: 28.5ms | ActiveRecord: 0.0ms)


Started GET "/sign_up" for 127.0.0.1 at 2018-06-08 12:53:52 +0800
Processing by Clearance::UsersController#new as HTML
  Rendering users/new.html.erb within layouts/application
  Rendered users/_form.html.erb (2.7ms)
  Rendered users/new.html.erb within layouts/application (6.2ms)
Completed 200 OK in 36ms (Views: 34.9ms | ActiveRecord: 0.0ms)


Started GET "/sign_in" for 127.0.0.1 at 2018-06-08 12:53:54 +0800
Processing by Clearance::SessionsController#new as HTML
  Rendering sessions/new.html.erb within layouts/application
  Rendered sessions/_form.html.erb (4.2ms)
  Rendered sessions/new.html.erb within layouts/application (5.9ms)
Completed 200 OK in 36ms (Views: 35.0ms | ActiveRecord: 0.0ms)


Started GET "/sign_in" for 127.0.0.1 at 2018-06-08 12:54:38 +0800
  [1m[35m (2.4ms)[0m  [1m[34mSELECT "schema_migrations"."version" FROM "schema_migrations" ORDER BY "schema_migrations"."version" ASC[0m
  ↳ /home/hikari/.rvm/gems/ruby-2.5.1/gems/activerecord-5.2.0/lib/active_record/log_subscriber.rb:98
Processing by Clearance::SessionsController#new as HTML
  Rendering sessions/new.html.erb within layouts/application
  Rendered sessions/_form.html.erb (10.4ms)
  Rendered sessions/new.html.erb within layouts/application (17.0ms)
Completed 200 OK in 397ms (Views: 389.9ms | ActiveRecord: 0.0ms)


Started GET "/auth/google_oauth2" for 127.0.0.1 at 2018-06-08 12:54:41 +0800
Started GET "/auth/google_oauth2" for 127.0.0.1 at 2018-06-08 12:54:41 +0800
Started GET "/auth/google_oauth2/callback?state=39c003976a6265e1d10718a2f8b856dfe78dce05fa32f9c9&code=4/AAD1ZWgHsf5V6o4x1wYMY6Lvm0Ox9m3gIDkAopDdFJd1Kw-dda4HJQSUQIz7ML0OuUWa7ToV1E7lgzODA9ls0NY" for 127.0.0.1 at 2018-06-08 12:54:43 +0800
Processing by SessionsController#create_from_omniauth as HTML
  Parameters: {"state"=>"39c003976a6265e1d10718a2f8b856dfe78dce05fa32f9c9", "code"=>"4/AAD1ZWgHsf5V6o4x1wYMY6Lvm0Ox9m3gIDkAopDdFJd1Kw-dda4HJQSUQIz7ML0OuUWa7ToV1E7lgzODA9ls0NY", "provider"=>"google_oauth2"}
  [1m[36mAuthentication Load (3.9ms)[0m  [1m[34mSELECT  "authentications".* FROM "authentications" WHERE "authentications"."provider" = $1 AND "authentications"."uid" = $2 LIMIT $3[0m  [["provider", "google_oauth2"], ["uid", "117908182039817308453"], ["LIMIT", 1]]
  ↳ app/controllers/sessions_controller.rb:4
Completed 500 Internal Server Error in 81ms (ActiveRecord: 12.2ms)


  
ActiveModel::UnknownAttributeError (unknown attribute 'name' for User.):
  
app/models/user.rb:10:in `create_with_auth_and_hash'
app/controllers/sessions_controller.rb:14:in `create_from_omniauth'
Started GET "/auth/google_oauth2/callback?state=39c003976a6265e1d10718a2f8b856dfe78dce05fa32f9c9&code=4/AAAObxAdkrcN6YB9u8xdw_AW7OMU6QWGsckrxPuV4yE4zbUor9EgHaRrrxGzclHrUH1-Uh8tver75SN85hSov-Q" for 127.0.0.1 at 2018-06-08 12:55:04 +0800
Processing by SessionsController#create_from_omniauth as HTML
  Parameters: {"state"=>"39c003976a6265e1d10718a2f8b856dfe78dce05fa32f9c9", "code"=>"4/AAAObxAdkrcN6YB9u8xdw_AW7OMU6QWGsckrxPuV4yE4zbUor9EgHaRrrxGzclHrUH1-Uh8tver75SN85hSov-Q", "provider"=>"google_oauth2"}
  [1m[36mAuthentication Load (0.3ms)[0m  [1m[34mSELECT  "authentications".* FROM "authentications" WHERE "authentications"."provider" = $1 AND "authentications"."uid" = $2 LIMIT $3[0m  [["provider", "google_oauth2"], ["uid", "117908182039817308453"], ["LIMIT", 1]]
  ↳ app/controllers/sessions_controller.rb:4
Completed 500 Internal Server Error in 2ms (ActiveRecord: 0.3ms)


  
ActiveModel::UnknownAttributeError (unknown attribute 'name' for User.):
  
app/models/user.rb:10:in `create_with_auth_and_hash'
app/controllers/sessions_controller.rb:14:in `create_from_omniauth'
Started GET "/auth/google_oauth2/callback?state=39c003976a6265e1d10718a2f8b856dfe78dce05fa32f9c9&code=4/AAAbJT6zTzmB9cXchxj_N00sbUCKF83BcEOVYdIgG3_5bxNkn-1d2oRQXL0LizGHLlJTBNo5mnSjNcvM7JRWxsQ" for 127.0.0.1 at 2018-06-08 12:55:28 +0800
Processing by SessionsController#create_from_omniauth as HTML
  Parameters: {"state"=>"39c003976a6265e1d10718a2f8b856dfe78dce05fa32f9c9", "code"=>"4/AAAbJT6zTzmB9cXchxj_N00sbUCKF83BcEOVYdIgG3_5bxNkn-1d2oRQXL0LizGHLlJTBNo5mnSjNcvM7JRWxsQ", "provider"=>"google_oauth2"}
  [1m[36mAuthentication Load (0.4ms)[0m  [1m[34mSELECT  "authentications".* FROM "authentications" WHERE "authentications"."provider" = $1 AND "authentications"."uid" = $2 LIMIT $3[0m  [["provider", "google_oauth2"], ["uid", "117908182039817308453"], ["LIMIT", 1]]
  ↳ app/controllers/sessions_controller.rb:4
Completed 500 Internal Server Error in 2ms (ActiveRecord: 0.4ms)


  
ActiveModel::UnknownAttributeError (unknown attribute 'name' for User.):
  
app/models/user.rb:10:in `create_with_auth_and_hash'
app/controllers/sessions_controller.rb:14:in `create_from_omniauth'
Started GET "/auth/google_oauth2/callback?state=39c003976a6265e1d10718a2f8b856dfe78dce05fa32f9c9&code=4/AABXsMCrESjH0iplf-5CuJJVuxcrlBduXk14sFvZGWYxl4r_TePHFMP7uIYbCpwiPCpw47MnxnlYpIkfM0GLhRA" for 127.0.0.1 at 2018-06-08 12:59:02 +0800
Processing by SessionsController#create_from_omniauth as HTML
  Parameters: {"state"=>"39c003976a6265e1d10718a2f8b856dfe78dce05fa32f9c9", "code"=>"4/AABXsMCrESjH0iplf-5CuJJVuxcrlBduXk14sFvZGWYxl4r_TePHFMP7uIYbCpwiPCpw47MnxnlYpIkfM0GLhRA", "provider"=>"google_oauth2"}
  [1m[36mAuthentication Load (0.3ms)[0m  [1m[34mSELECT  "authentications".* FROM "authentications" WHERE "authentications"."provider" = $1 AND "authentications"."uid" = $2 LIMIT $3[0m  [["provider", "google_oauth2"], ["uid", "117908182039817308453"], ["LIMIT", 1]]
  ↳ app/controllers/sessions_controller.rb:4
Completed 500 Internal Server Error in 2ms (ActiveRecord: 0.3ms)


  
ActiveModel::UnknownAttributeError (unknown attribute 'name' for User.):
  
app/models/user.rb:10:in `create_with_auth_and_hash'
app/controllers/sessions_controller.rb:14:in `create_from_omniauth'
Started GET "/" for 127.0.0.1 at 2018-06-08 14:23:11 +0800
  [1m[35m (1.3ms)[0m  [1m[34mSELECT "schema_migrations"."version" FROM "schema_migrations" ORDER BY "schema_migrations"."version" ASC[0m
  ↳ /home/hikari/.rvm/gems/ruby-2.5.1/gems/activerecord-5.2.0/lib/active_record/log_subscriber.rb:98
Processing by FrontController#index as HTML
  Rendering front/index.html.erb within layouts/application
  Rendered front/index.html.erb within layouts/application (1.7ms)
Completed 200 OK in 418ms (Views: 403.2ms | ActiveRecord: 0.0ms)


Started GET "/sign_in" for 127.0.0.1 at 2018-06-08 14:23:14 +0800
Processing by Clearance::SessionsController#new as HTML
  Rendering sessions/new.html.erb within layouts/application
  Rendered sessions/_form.html.erb (13.3ms)
  Rendered sessions/new.html.erb within layouts/application (26.0ms)
Completed 200 OK in 59ms (Views: 57.5ms | ActiveRecord: 0.0ms)


Started GET "/auth/google_oauth2" for 127.0.0.1 at 2018-06-08 14:23:36 +0800
Started GET "/auth/google_oauth2" for 127.0.0.1 at 2018-06-08 14:23:36 +0800
Started GET "/auth/google_oauth2/callback?state=c5f5aaa0461a143d3083bd1ecbf605922ab4eee4b92aca9d&code=4%2FAAAcm7rx67XSkJob27Ec-aAgSQAl43U21Sm3O9AlJWtjJvL7qhROsa7N5KYk1TalbBcSwNfIxzN3DWIpn7yI-JA" for 127.0.0.1 at 2018-06-08 14:23:43 +0800
Processing by SessionsController#create_from_omniauth as HTML
  Parameters: {"state"=>"c5f5aaa0461a143d3083bd1ecbf605922ab4eee4b92aca9d", "code"=>"4/AAAcm7rx67XSkJob27Ec-aAgSQAl43U21Sm3O9AlJWtjJvL7qhROsa7N5KYk1TalbBcSwNfIxzN3DWIpn7yI-JA", "provider"=>"google_oauth2"}
  [1m[36mAuthentication Load (1.5ms)[0m  [1m[34mSELECT  "authentications".* FROM "authentications" WHERE "authentications"."provider" = $1 AND "authentications"."uid" = $2 LIMIT $3[0m  [["provider", "google_oauth2"], ["uid", "117908182039817308453"], ["LIMIT", 1]]
  ↳ app/controllers/sessions_controller.rb:4
Completed 500 Internal Server Error in 56ms (ActiveRecord: 13.2ms)


  
ActiveModel::UnknownAttributeError (unknown attribute 'name' for User.):
  
app/models/user.rb:10:in `create_with_auth_and_hash'
app/controllers/sessions_controller.rb:14:in `create_from_omniauth'
Started GET "/auth/google_oauth2/callback?state=c5f5aaa0461a143d3083bd1ecbf605922ab4eee4b92aca9d&code=4/AAB7EQ66P8gW8QZ2yStAmWGZ1RJywh8g3WXcUHZrgYjtn4HOqrZUivFHOCD7SmjOKfkar3fFh8eVW_ppYGrl8n4" for 127.0.0.1 at 2018-06-08 14:26:52 +0800
Processing by SessionsController#create_from_omniauth as HTML
  Parameters: {"state"=>"c5f5aaa0461a143d3083bd1ecbf605922ab4eee4b92aca9d", "code"=>"4/AAB7EQ66P8gW8QZ2yStAmWGZ1RJywh8g3WXcUHZrgYjtn4HOqrZUivFHOCD7SmjOKfkar3fFh8eVW_ppYGrl8n4", "provider"=>"google_oauth2"}
  [1m[36mAuthentication Load (0.3ms)[0m  [1m[34mSELECT  "authentications".* FROM "authentications" WHERE "authentications"."provider" = $1 AND "authentications"."uid" = $2 LIMIT $3[0m  [["provider", "google_oauth2"], ["uid", "117908182039817308453"], ["LIMIT", 1]]
  ↳ app/controllers/sessions_controller.rb:4
  [1m[35m (0.2ms)[0m  [1m[35mBEGIN[0m
  ↳ app/models/user.rb:10
  [1m[36mUser Exists (4.3ms)[0m  [1m[34mSELECT  1 AS one FROM "users" WHERE "users"."email" = $1 LIMIT $2[0m  [["email", "yeeweehann@gmail.com"], ["LIMIT", 1]]
  ↳ app/models/user.rb:10
  [1m[36mUser Create (2.3ms)[0m  [1m[32mINSERT INTO "users" ("created_at", "updated_at", "email", "encrypted_password", "remember_token") VALUES ($1, $2, $3, $4, $5) RETURNING "id"[0m  [["created_at", "2018-06-08 06:26:53.898820"], ["updated_at", "2018-06-08 06:26:53.898820"], ["email", "yeeweehann@gmail.com"], ["encrypted_password", "$2a$10$2rhqpumaKUXunXjviJh8quNtRzpVTWCnFUpk8sEcqN767Nc2X36fW"], ["remember_token", "9de052872b5d5ddfbfe769106796fa3573c025e9"]]
  ↳ app/models/user.rb:10
  [1m[35m (12.6ms)[0m  [1m[35mCOMMIT[0m
  ↳ app/models/user.rb:10
  [1m[35m (0.5ms)[0m  [1m[35mBEGIN[0m
  ↳ app/models/user.rb:15
  [1m[36mAuthentication Create (2.4ms)[0m  [1m[32mINSERT INTO "authentications" ("uid", "token", "provider", "user_id", "created_at", "updated_at") VALUES ($1, $2, $3, $4, $5, $6) RETURNING "id"[0m  [["uid", "117908182039817308453"], ["token", "ya29.GlvUBZj2RATrc9nnxzfnvVZnq6mtxGO5RK072UZyvXj7ujEAWMEDh9CER0g1gL1WHJ1shGOWcmWg8SWc4JgZ5RJ0sOXlG5zj883GUtVCWdfhlCRv1SkOaPTJBGrg"], ["provider", "google_oauth2"], ["user_id", 2], ["created_at", "2018-06-08 06:26:53.942984"], ["updated_at", "2018-06-08 06:26:53.942984"]]
  ↳ app/models/user.rb:15
  [1m[35m (15.6ms)[0m  [1m[35mCOMMIT[0m
  ↳ app/models/user.rb:15
Completed 500 Internal Server Error in 357ms (ActiveRecord: 44.3ms)


  
NoMethodError (undefined method `edit_user_path' for #<SessionsController:0x00007fb1d8546348>
Did you mean?  edit_user_password_path):
  
app/controllers/sessions_controller.rb:16:in `create_from_omniauth'
Started GET "/auth/google_oauth2/callback?state=c5f5aaa0461a143d3083bd1ecbf605922ab4eee4b92aca9d&code=4/AADNGXDST4rf-iy0TjMgHHjMh8qsIEQooRtZlER0i9TyL4cAso_od1aQtfh48qVYfnOEixXZ9U8MwLWRcRZQKao" for 127.0.0.1 at 2018-06-08 14:27:22 +0800
Processing by SessionsController#create_from_omniauth as HTML
  Parameters: {"state"=>"c5f5aaa0461a143d3083bd1ecbf605922ab4eee4b92aca9d", "code"=>"4/AADNGXDST4rf-iy0TjMgHHjMh8qsIEQooRtZlER0i9TyL4cAso_od1aQtfh48qVYfnOEixXZ9U8MwLWRcRZQKao", "provider"=>"google_oauth2"}
  [1m[36mAuthentication Load (0.2ms)[0m  [1m[34mSELECT  "authentications".* FROM "authentications" WHERE "authentications"."provider" = $1 AND "authentications"."uid" = $2 LIMIT $3[0m  [["provider", "google_oauth2"], ["uid", "117908182039817308453"], ["LIMIT", 1]]
  ↳ app/controllers/sessions_controller.rb:4
  [1m[36mUser Load (0.3ms)[0m  [1m[34mSELECT  "users".* FROM "users" WHERE "users"."id" = $1 LIMIT $2[0m  [["id", 2], ["LIMIT", 1]]
  ↳ app/controllers/sessions_controller.rb:7
  [1m[35m (2.2ms)[0m  [1m[35mBEGIN[0m
  ↳ app/models/authentication.rb:14
  [1m[36mAuthentication Update (0.4ms)[0m  [1m[33mUPDATE "authentications" SET "token" = $1, "updated_at" = $2 WHERE "authentications"."id" = $3[0m  [["token", "ya29.GlvUBfqXs40XQ7AcmlEPSkzXF4BBCJlTdq3Ao-YR12HJ0XT5nJ850ra2xbGFaBNrbsFRfvIlCth6f_r6by56qeKEQl5-3K8gjG4vTu3VGfU7eqeI1OjXTHV8c7Yg"], ["updated_at", "2018-06-08 06:27:23.505332"], ["id", 1]]
  ↳ app/models/authentication.rb:14
  [1m[35m (1.0ms)[0m  [1m[35mCOMMIT[0m
  ↳ app/models/authentication.rb:14
Redirected to http://localhost:3000/
Completed 302 Found in 49ms (ActiveRecord: 13.1ms)


Started GET "/" for 127.0.0.1 at 2018-06-08 14:27:23 +0800
Processing by FrontController#index as HTML
  Rendering front/index.html.erb within layouts/application
  [1m[36mUser Load (0.6ms)[0m  [1m[34mSELECT  "users".* FROM "users" WHERE "users"."remember_token" = $1 ORDER BY "users"."id" ASC LIMIT $2[0m  [["remember_token", "9de052872b5d5ddfbfe769106796fa3573c025e9"], ["LIMIT", 1]]
  ↳ app/views/front/index.html.erb:1
  Rendered front/index.html.erb within layouts/application (2.3ms)
Completed 200 OK in 22ms (Views: 20.3ms | ActiveRecord: 0.6ms)


Started DELETE "/sign_out" for 127.0.0.1 at 2018-06-08 14:27:25 +0800
Processing by Clearance::SessionsController#destroy as HTML
  Parameters: {"authenticity_token"=>"[FILTERED]"}
  [1m[36mUser Load (0.7ms)[0m  [1m[34mSELECT  "users".* FROM "users" WHERE "users"."remember_token" = $1 ORDER BY "users"."id" ASC LIMIT $2[0m  [["remember_token", "9de052872b5d5ddfbfe769106796fa3573c025e9"], ["LIMIT", 1]]
  ↳ /home/hikari/.rvm/gems/ruby-2.5.1/gems/activerecord-5.2.0/lib/active_record/log_subscriber.rb:98
  [1m[35m (0.8ms)[0m  [1m[35mBEGIN[0m
  ↳ /home/hikari/.rvm/gems/ruby-2.5.1/gems/activerecord-5.2.0/lib/active_record/log_subscriber.rb:98
  [1m[36mUser Update (0.4ms)[0m  [1m[33mUPDATE "users" SET "remember_token" = $1, "updated_at" = $2 WHERE "users"."id" = $3[0m  [["remember_token", "fead69fc8595c46048cbd7056c2ab3dcb2eab474"], ["updated_at", "2018-06-08 06:27:25.761724"], ["id", 2]]
  ↳ /home/hikari/.rvm/gems/ruby-2.5.1/gems/activerecord-5.2.0/lib/active_record/log_subscriber.rb:98
  [1m[35m (1.2ms)[0m  [1m[35mCOMMIT[0m
  ↳ /home/hikari/.rvm/gems/ruby-2.5.1/gems/activerecord-5.2.0/lib/active_record/log_subscriber.rb:98
Redirected to http://localhost:3000/sign_in
Completed 302 Found in 11ms (ActiveRecord: 3.1ms)


Started GET "/sign_in" for 127.0.0.1 at 2018-06-08 14:27:25 +0800
Processing by Clearance::SessionsController#new as HTML
  Rendering sessions/new.html.erb within layouts/application
  Rendered sessions/_form.html.erb (1.8ms)
  Rendered sessions/new.html.erb within layouts/application (3.9ms)
Completed 200 OK in 29ms (Views: 28.9ms | ActiveRecord: 0.0ms)


Started GET "/auth/google_oauth2" for 127.0.0.1 at 2018-06-08 14:27:27 +0800
Started GET "/auth/google_oauth2" for 127.0.0.1 at 2018-06-08 14:27:27 +0800
Started GET "/auth/google_oauth2/callback?state=009d01ff37293532f4cb0804379c6ed38cfd396213be050f&code=4/AACsX7cvHYgZ24L4OCIq3dHMF0Nl-0NbPCRLEp4SsGyekL3D9_xbiK9ctC47hi4okze7eR_yqD2XbCNwVSp4pSk" for 127.0.0.1 at 2018-06-08 14:27:28 +0800
Processing by SessionsController#create_from_omniauth as HTML
  Parameters: {"state"=>"009d01ff37293532f4cb0804379c6ed38cfd396213be050f", "code"=>"4/AACsX7cvHYgZ24L4OCIq3dHMF0Nl-0NbPCRLEp4SsGyekL3D9_xbiK9ctC47hi4okze7eR_yqD2XbCNwVSp4pSk", "provider"=>"google_oauth2"}
  [1m[36mAuthentication Load (0.3ms)[0m  [1m[34mSELECT  "authentications".* FROM "authentications" WHERE "authentications"."provider" = $1 AND "authentications"."uid" = $2 LIMIT $3[0m  [["provider", "google_oauth2"], ["uid", "117908182039817308453"], ["LIMIT", 1]]
  ↳ app/controllers/sessions_controller.rb:4
  [1m[36mUser Load (0.2ms)[0m  [1m[34mSELECT  "users".* FROM "users" WHERE "users"."id" = $1 LIMIT $2[0m  [["id", 2], ["LIMIT", 1]]
  ↳ app/controllers/sessions_controller.rb:7
  [1m[35m (0.2ms)[0m  [1m[35mBEGIN[0m
  ↳ app/models/authentication.rb:14
  [1m[36mAuthentication Update (0.3ms)[0m  [1m[33mUPDATE "authentications" SET "token" = $1, "updated_at" = $2 WHERE "authentications"."id" = $3[0m  [["token", "ya29.GlvUBdqgG2gBOx6nd2F5zk5UWGiHZEzA4x-dPXe5-R8ajle8xtyn4dK6SNI0pWOJv5yKODD6e4WcwAUnmFu2L6Q-U-Gp8NjQel2ZGZB8C-dqbzPeohW0Fzu6hBRU"], ["updated_at", "2018-06-08 06:27:28.911055"], ["id", 1]]
  ↳ app/models/authentication.rb:14
  [1m[35m (4.5ms)[0m  [1m[35mCOMMIT[0m
  ↳ app/models/authentication.rb:14
Redirected to http://localhost:3000/
Completed 302 Found in 11ms (ActiveRecord: 5.5ms)


Started GET "/" for 127.0.0.1 at 2018-06-08 14:27:28 +0800
Processing by FrontController#index as HTML
  Rendering front/index.html.erb within layouts/application
  [1m[36mUser Load (0.4ms)[0m  [1m[34mSELECT  "users".* FROM "users" WHERE "users"."remember_token" = $1 ORDER BY "users"."id" ASC LIMIT $2[0m  [["remember_token", "fead69fc8595c46048cbd7056c2ab3dcb2eab474"], ["LIMIT", 1]]
  ↳ app/views/front/index.html.erb:1
  Rendered front/index.html.erb within layouts/application (2.3ms)
Completed 200 OK in 26ms (Views: 24.2ms | ActiveRecord: 0.4ms)


Started DELETE "/sign_out" for 127.0.0.1 at 2018-06-08 14:27:30 +0800
Processing by Clearance::SessionsController#destroy as HTML
  Parameters: {"authenticity_token"=>"[FILTERED]"}
  [1m[36mUser Load (1.0ms)[0m  [1m[34mSELECT  "users".* FROM "users" WHERE "users"."remember_token" = $1 ORDER BY "users"."id" ASC LIMIT $2[0m  [["remember_token", "fead69fc8595c46048cbd7056c2ab3dcb2eab474"], ["LIMIT", 1]]
  ↳ /home/hikari/.rvm/gems/ruby-2.5.1/gems/activerecord-5.2.0/lib/active_record/log_subscriber.rb:98
  [1m[35m (0.2ms)[0m  [1m[35mBEGIN[0m
  ↳ /home/hikari/.rvm/gems/ruby-2.5.1/gems/activerecord-5.2.0/lib/active_record/log_subscriber.rb:98
  [1m[36mUser Update (0.5ms)[0m  [1m[33mUPDATE "users" SET "remember_token" = $1, "updated_at" = $2 WHERE "users"."id" = $3[0m  [["remember_token", "047af679a860c6b7b53c8817fd6960c5d001b17e"], ["updated_at", "2018-06-08 06:27:30.879393"], ["id", 2]]
  ↳ /home/hikari/.rvm/gems/ruby-2.5.1/gems/activerecord-5.2.0/lib/active_record/log_subscriber.rb:98
  [1m[35m (5.2ms)[0m  [1m[35mCOMMIT[0m
  ↳ /home/hikari/.rvm/gems/ruby-2.5.1/gems/activerecord-5.2.0/lib/active_record/log_subscriber.rb:98
Redirected to http://localhost:3000/sign_in
Completed 302 Found in 16ms (ActiveRecord: 6.9ms)


Started GET "/sign_in" for 127.0.0.1 at 2018-06-08 14:27:30 +0800
Processing by Clearance::SessionsController#new as HTML
  Rendering sessions/new.html.erb within layouts/application
  Rendered sessions/_form.html.erb (1.7ms)
  Rendered sessions/new.html.erb within layouts/application (6.3ms)
Completed 200 OK in 29ms (Views: 28.3ms | ActiveRecord: 0.0ms)


Started GET "/auth/google_oauth2" for 127.0.0.1 at 2018-06-08 14:27:36 +0800
Started GET "/auth/google_oauth2" for 127.0.0.1 at 2018-06-08 14:27:37 +0800
Started GET "/auth/google_oauth2/callback?state=5a8716c987eb5dcd20ef4a2319c1dcd222a2b357269e51e9&code=4/AADWhvgHVeC65WAez0ONlBje-2iUJuxqpVuC097k43BhYNFBz-feqHcVOwqLMJu4YdVHuyH3ARxsIXWYGfJQhJ4" for 127.0.0.1 at 2018-06-08 14:27:37 +0800
Processing by SessionsController#create_from_omniauth as HTML
  Parameters: {"state"=>"5a8716c987eb5dcd20ef4a2319c1dcd222a2b357269e51e9", "code"=>"4/AADWhvgHVeC65WAez0ONlBje-2iUJuxqpVuC097k43BhYNFBz-feqHcVOwqLMJu4YdVHuyH3ARxsIXWYGfJQhJ4", "provider"=>"google_oauth2"}
  [1m[36mAuthentication Load (0.4ms)[0m  [1m[34mSELECT  "authentications".* FROM "authentications" WHERE "authentications"."provider" = $1 AND "authentications"."uid" = $2 LIMIT $3[0m  [["provider", "google_oauth2"], ["uid", "117908182039817308453"], ["LIMIT", 1]]
  ↳ app/controllers/sessions_controller.rb:4
  [1m[36mUser Load (4.0ms)[0m  [1m[34mSELECT  "users".* FROM "users" WHERE "users"."id" = $1 LIMIT $2[0m  [["id", 2], ["LIMIT", 1]]
  ↳ app/controllers/sessions_controller.rb:7
  [1m[35m (0.4ms)[0m  [1m[35mBEGIN[0m
  ↳ app/models/authentication.rb:14
  [1m[36mAuthentication Update (0.3ms)[0m  [1m[33mUPDATE "authentications" SET "token" = $1, "updated_at" = $2 WHERE "authentications"."id" = $3[0m  [["token", "ya29.GlvUBWqni3KoK3hIrkBs1e19GkIPHMmvOnrHKrPpdP0qQtWiZIsS91xDmwL7YB6-ZIpZ71dK6VDVepga1L6jXo5HB4LVTWpIWTeaeAwva-pmpXmBo8d_1BPnYvXF"], ["updated_at", "2018-06-08 06:27:38.143916"], ["id", 1]]
  ↳ app/models/authentication.rb:14
  [1m[35m (4.9ms)[0m  [1m[35mCOMMIT[0m
  ↳ app/models/authentication.rb:14
Redirected to http://localhost:3000/
Completed 302 Found in 15ms (ActiveRecord: 10.2ms)


Started GET "/" for 127.0.0.1 at 2018-06-08 14:27:38 +0800
Processing by FrontController#index as HTML
  Rendering front/index.html.erb within layouts/application
  [1m[36mUser Load (0.4ms)[0m  [1m[34mSELECT  "users".* FROM "users" WHERE "users"."remember_token" = $1 ORDER BY "users"."id" ASC LIMIT $2[0m  [["remember_token", "047af679a860c6b7b53c8817fd6960c5d001b17e"], ["LIMIT", 1]]
  ↳ app/views/front/index.html.erb:1
  Rendered front/index.html.erb within layouts/application (2.2ms)
Completed 200 OK in 26ms (Views: 24.1ms | ActiveRecord: 0.4ms)


Started DELETE "/sign_out" for 127.0.0.1 at 2018-06-08 14:27:39 +0800
Processing by Clearance::SessionsController#destroy as HTML
  Parameters: {"authenticity_token"=>"[FILTERED]"}
  [1m[36mUser Load (1.2ms)[0m  [1m[34mSELECT  "users".* FROM "users" WHERE "users"."remember_token" = $1 ORDER BY "users"."id" ASC LIMIT $2[0m  [["remember_token", "047af679a860c6b7b53c8817fd6960c5d001b17e"], ["LIMIT", 1]]
  ↳ /home/hikari/.rvm/gems/ruby-2.5.1/gems/activerecord-5.2.0/lib/active_record/log_subscriber.rb:98
  [1m[35m (0.2ms)[0m  [1m[35mBEGIN[0m
  ↳ /home/hikari/.rvm/gems/ruby-2.5.1/gems/activerecord-5.2.0/lib/active_record/log_subscriber.rb:98
  [1m[36mUser Update (4.0ms)[0m  [1m[33mUPDATE "users" SET "remember_token" = $1, "updated_at" = $2 WHERE "users"."id" = $3[0m  [["remember_token", "db4fadc501b91cb6597169a4a9a5308651d55713"], ["updated_at", "2018-06-08 06:27:39.639041"], ["id", 2]]
  ↳ /home/hikari/.rvm/gems/ruby-2.5.1/gems/activerecord-5.2.0/lib/active_record/log_subscriber.rb:98
  [1m[35m (1.2ms)[0m  [1m[35mCOMMIT[0m
  ↳ /home/hikari/.rvm/gems/ruby-2.5.1/gems/activerecord-5.2.0/lib/active_record/log_subscriber.rb:98
Redirected to http://localhost:3000/sign_in
Completed 302 Found in 12ms (ActiveRecord: 6.6ms)


Started GET "/sign_in" for 127.0.0.1 at 2018-06-08 14:27:39 +0800
Processing by Clearance::SessionsController#new as HTML
  Rendering sessions/new.html.erb within layouts/application
  Rendered sessions/_form.html.erb (2.1ms)
  Rendered sessions/new.html.erb within layouts/application (5.9ms)
Completed 200 OK in 41ms (Views: 40.7ms | ActiveRecord: 0.0ms)


